CRITICAL - 2021-07-01 10:02:47 --> Unable to connect to the database.
#0 C:\xampp\htdocs\Wilis\vendor\codeigniter4\framework\system\Database\BaseConnection.php(646): CodeIgniter\Database\BaseConnection->initialize()
#1 C:\xampp\htdocs\Wilis\vendor\codeigniter4\framework\system\Database\BaseBuilder.php(1860): CodeIgniter\Database\BaseConnection->query('SELECT *\nFROM `...', Array, false)
#2 C:\xampp\htdocs\Wilis\vendor\codeigniter4\framework\system\Model.php(462): CodeIgniter\Database\BaseBuilder->get()
#3 C:\xampp\htdocs\Wilis\app\Controllers\Product.php(26): CodeIgniter\Model->findAll()
#4 C:\xampp\htdocs\Wilis\vendor\codeigniter4\framework\system\CodeIgniter.php(918): App\Controllers\Product->index()
#5 C:\xampp\htdocs\Wilis\vendor\codeigniter4\framework\system\CodeIgniter.php(404): CodeIgniter\CodeIgniter->runController(Object(App\Controllers\Product))
#6 C:\xampp\htdocs\Wilis\vendor\codeigniter4\framework\system\CodeIgniter.php(312): CodeIgniter\CodeIgniter->handleRequest(NULL, Object(Config\Cache), false)
#7 C:\xampp\htdocs\Wilis\public\index.php(45): CodeIgniter\CodeIgniter->run()
#8 C:\xampp\htdocs\Wilis\vendor\codeigniter4\framework\system\Commands\Server\rewrite.php(34): require_once('C:\\xampp\\htdocs...')
#9 {main}
CRITICAL - 2021-07-01 10:02:48 --> Uncaught ErrorException: print_r(): Property access is not allowed yet in C:\xampp\htdocs\Wilis\app\Views\errors\html\error_exception.php:99
Stack trace:
#0 [internal function]: CodeIgniter\Debug\Exceptions->errorHandler(2, 'print_r(): Prop...', 'C:\\xampp\\htdocs...', 99, Array)
#1 C:\xampp\htdocs\Wilis\app\Views\errors\html\error_exception.php(99): print_r(Object(App\Controllers\Product), true)
#2 C:\xampp\htdocs\Wilis\vendor\codeigniter4\framework\system\Debug\Exceptions.php(308): include('C:\\xampp\\htdocs...')
#3 C:\xampp\htdocs\Wilis\vendor\codeigniter4\framework\system\Debug\Exceptions.php(174): CodeIgniter\Debug\Exceptions->render(Object(CodeIgniter\Database\Exceptions\DatabaseException), 500)
#4 [internal function]: CodeIgniter\Debug\Exceptions->exceptionHandler(Object(CodeIgniter\Database\Exceptions\DatabaseException))
#5 {main}
  thrown
#0 [internal function]: CodeIgniter\Debug\Exceptions->shutdownHandler()
#1 {main}
CRITICAL - 2021-07-01 10:03:04 --> Unable to connect to the database.
#0 C:\xampp\htdocs\Wilis\vendor\codeigniter4\framework\system\Database\BaseConnection.php(646): CodeIgniter\Database\BaseConnection->initialize()
#1 C:\xampp\htdocs\Wilis\vendor\codeigniter4\framework\system\Database\BaseBuilder.php(1860): CodeIgniter\Database\BaseConnection->query('SELECT *\nFROM `...', Array, false)
#2 C:\xampp\htdocs\Wilis\vendor\codeigniter4\framework\system\Model.php(462): CodeIgniter\Database\BaseBuilder->get()
#3 C:\xampp\htdocs\Wilis\app\Controllers\Product.php(26): CodeIgniter\Model->findAll()
#4 C:\xampp\htdocs\Wilis\vendor\codeigniter4\framework\system\CodeIgniter.php(918): App\Controllers\Product->index()
#5 C:\xampp\htdocs\Wilis\vendor\codeigniter4\framework\system\CodeIgniter.php(404): CodeIgniter\CodeIgniter->runController(Object(App\Controllers\Product))
#6 C:\xampp\htdocs\Wilis\vendor\codeigniter4\framework\system\CodeIgniter.php(312): CodeIgniter\CodeIgniter->handleRequest(NULL, Object(Config\Cache), false)
#7 C:\xampp\htdocs\Wilis\public\index.php(45): CodeIgniter\CodeIgniter->run()
#8 C:\xampp\htdocs\Wilis\vendor\codeigniter4\framework\system\Commands\Server\rewrite.php(34): require_once('C:\\xampp\\htdocs...')
#9 {main}
CRITICAL - 2021-07-01 10:03:04 --> Uncaught ErrorException: print_r(): Property access is not allowed yet in C:\xampp\htdocs\Wilis\app\Views\errors\html\error_exception.php:99
Stack trace:
#0 [internal function]: CodeIgniter\Debug\Exceptions->errorHandler(2, 'print_r(): Prop...', 'C:\\xampp\\htdocs...', 99, Array)
#1 C:\xampp\htdocs\Wilis\app\Views\errors\html\error_exception.php(99): print_r(Object(App\Controllers\Product), true)
#2 C:\xampp\htdocs\Wilis\vendor\codeigniter4\framework\system\Debug\Exceptions.php(308): include('C:\\xampp\\htdocs...')
#3 C:\xampp\htdocs\Wilis\vendor\codeigniter4\framework\system\Debug\Exceptions.php(174): CodeIgniter\Debug\Exceptions->render(Object(CodeIgniter\Database\Exceptions\DatabaseException), 500)
#4 [internal function]: CodeIgniter\Debug\Exceptions->exceptionHandler(Object(CodeIgniter\Database\Exceptions\DatabaseException))
#5 {main}
  thrown
#0 [internal function]: CodeIgniter\Debug\Exceptions->shutdownHandler()
#1 {main}
CRITICAL - 2021-07-01 10:40:02 --> Undefined variable: items
#0 C:\xampp\htdocs\Wilis\app\Views\pages\home.php(276): CodeIgniter\Debug\Exceptions->errorHandler(8, 'Undefined varia...', 'C:\\xampp\\htdocs...', 276, Array)
#1 C:\xampp\htdocs\Wilis\vendor\codeigniter4\framework\system\View\View.php(246): include('C:\\xampp\\htdocs...')
#2 C:\xampp\htdocs\Wilis\vendor\codeigniter4\framework\system\Common.php(1119): CodeIgniter\View\View->render('pages/home', Array, true)
#3 C:\xampp\htdocs\Wilis\app\Controllers\Pages.php(14): view('pages/home', Array)
#4 C:\xampp\htdocs\Wilis\vendor\codeigniter4\framework\system\CodeIgniter.php(918): App\Controllers\Pages->index()
#5 C:\xampp\htdocs\Wilis\vendor\codeigniter4\framework\system\CodeIgniter.php(404): CodeIgniter\CodeIgniter->runController(Object(App\Controllers\Pages))
#6 C:\xampp\htdocs\Wilis\vendor\codeigniter4\framework\system\CodeIgniter.php(312): CodeIgniter\CodeIgniter->handleRequest(NULL, Object(Config\Cache), false)
#7 C:\xampp\htdocs\Wilis\public\index.php(45): CodeIgniter\CodeIgniter->run()
#8 C:\xampp\htdocs\Wilis\vendor\codeigniter4\framework\system\Commands\Server\rewrite.php(34): require_once('C:\\xampp\\htdocs...')
#9 {main}
CRITICAL - 2021-07-01 10:42:05 --> Undefined variable: items
#0 C:\xampp\htdocs\Wilis\app\Views\pages\home.php(277): CodeIgniter\Debug\Exceptions->errorHandler(8, 'Undefined varia...', 'C:\\xampp\\htdocs...', 277, Array)
#1 C:\xampp\htdocs\Wilis\vendor\codeigniter4\framework\system\View\View.php(246): include('C:\\xampp\\htdocs...')
#2 C:\xampp\htdocs\Wilis\vendor\codeigniter4\framework\system\Common.php(1119): CodeIgniter\View\View->render('pages/home', Array, true)
#3 C:\xampp\htdocs\Wilis\app\Controllers\Pages.php(14): view('pages/home', Array)
#4 C:\xampp\htdocs\Wilis\vendor\codeigniter4\framework\system\CodeIgniter.php(918): App\Controllers\Pages->index()
#5 C:\xampp\htdocs\Wilis\vendor\codeigniter4\framework\system\CodeIgniter.php(404): CodeIgniter\CodeIgniter->runController(Object(App\Controllers\Pages))
#6 C:\xampp\htdocs\Wilis\vendor\codeigniter4\framework\system\CodeIgniter.php(312): CodeIgniter\CodeIgniter->handleRequest(NULL, Object(Config\Cache), false)
#7 C:\xampp\htdocs\Wilis\public\index.php(45): CodeIgniter\CodeIgniter->run()
#8 C:\xampp\htdocs\Wilis\vendor\codeigniter4\framework\system\Commands\Server\rewrite.php(34): require_once('C:\\xampp\\htdocs...')
#9 {main}
CRITICAL - 2021-07-01 10:42:06 --> Undefined variable: items
#0 C:\xampp\htdocs\Wilis\app\Views\pages\home.php(277): CodeIgniter\Debug\Exceptions->errorHandler(8, 'Undefined varia...', 'C:\\xampp\\htdocs...', 277, Array)
#1 C:\xampp\htdocs\Wilis\vendor\codeigniter4\framework\system\View\View.php(246): include('C:\\xampp\\htdocs...')
#2 C:\xampp\htdocs\Wilis\vendor\codeigniter4\framework\system\Common.php(1119): CodeIgniter\View\View->render('pages/home', Array, true)
#3 C:\xampp\htdocs\Wilis\app\Controllers\Pages.php(14): view('pages/home', Array)
#4 C:\xampp\htdocs\Wilis\vendor\codeigniter4\framework\system\CodeIgniter.php(918): App\Controllers\Pages->index()
#5 C:\xampp\htdocs\Wilis\vendor\codeigniter4\framework\system\CodeIgniter.php(404): CodeIgniter\CodeIgniter->runController(Object(App\Controllers\Pages))
#6 C:\xampp\htdocs\Wilis\vendor\codeigniter4\framework\system\CodeIgniter.php(312): CodeIgniter\CodeIgniter->handleRequest(NULL, Object(Config\Cache), false)
#7 C:\xampp\htdocs\Wilis\public\index.php(45): CodeIgniter\CodeIgniter->run()
#8 C:\xampp\htdocs\Wilis\vendor\codeigniter4\framework\system\Commands\Server\rewrite.php(34): require_once('C:\\xampp\\htdocs...')
#9 {main}
CRITICAL - 2021-07-01 10:43:32 --> Undefined property: App\Controllers\Pages::$productModel
#0 C:\xampp\htdocs\Wilis\app\Controllers\Pages.php(16): CodeIgniter\Debug\Exceptions->errorHandler(8, 'Undefined prope...', 'C:\\xampp\\htdocs...', 16, Array)
#1 C:\xampp\htdocs\Wilis\vendor\codeigniter4\framework\system\CodeIgniter.php(918): App\Controllers\Pages->index()
#2 C:\xampp\htdocs\Wilis\vendor\codeigniter4\framework\system\CodeIgniter.php(404): CodeIgniter\CodeIgniter->runController(Object(App\Controllers\Pages))
#3 C:\xampp\htdocs\Wilis\vendor\codeigniter4\framework\system\CodeIgniter.php(312): CodeIgniter\CodeIgniter->handleRequest(NULL, Object(Config\Cache), false)
#4 C:\xampp\htdocs\Wilis\public\index.php(45): CodeIgniter\CodeIgniter->run()
#5 C:\xampp\htdocs\Wilis\vendor\codeigniter4\framework\system\Commands\Server\rewrite.php(34): require_once('C:\\xampp\\htdocs...')
#6 {main}
CRITICAL - 2021-07-01 10:43:33 --> Undefined property: App\Controllers\Pages::$productModel
#0 C:\xampp\htdocs\Wilis\app\Controllers\Pages.php(16): CodeIgniter\Debug\Exceptions->errorHandler(8, 'Undefined prope...', 'C:\\xampp\\htdocs...', 16, Array)
#1 C:\xampp\htdocs\Wilis\vendor\codeigniter4\framework\system\CodeIgniter.php(918): App\Controllers\Pages->index()
#2 C:\xampp\htdocs\Wilis\vendor\codeigniter4\framework\system\CodeIgniter.php(404): CodeIgniter\CodeIgniter->runController(Object(App\Controllers\Pages))
#3 C:\xampp\htdocs\Wilis\vendor\codeigniter4\framework\system\CodeIgniter.php(312): CodeIgniter\CodeIgniter->handleRequest(NULL, Object(Config\Cache), false)
#4 C:\xampp\htdocs\Wilis\public\index.php(45): CodeIgniter\CodeIgniter->run()
#5 C:\xampp\htdocs\Wilis\vendor\codeigniter4\framework\system\Commands\Server\rewrite.php(34): require_once('C:\\xampp\\htdocs...')
#6 {main}
CRITICAL - 2021-07-01 10:45:01 --> Undefined property: App\Controllers\Pages::$productModel
#0 C:\xampp\htdocs\Wilis\app\Controllers\Pages.php(16): CodeIgniter\Debug\Exceptions->errorHandler(8, 'Undefined prope...', 'C:\\xampp\\htdocs...', 16, Array)
#1 C:\xampp\htdocs\Wilis\vendor\codeigniter4\framework\system\CodeIgniter.php(918): App\Controllers\Pages->index()
#2 C:\xampp\htdocs\Wilis\vendor\codeigniter4\framework\system\CodeIgniter.php(404): CodeIgniter\CodeIgniter->runController(Object(App\Controllers\Pages))
#3 C:\xampp\htdocs\Wilis\vendor\codeigniter4\framework\system\CodeIgniter.php(312): CodeIgniter\CodeIgniter->handleRequest(NULL, Object(Config\Cache), false)
#4 C:\xampp\htdocs\Wilis\public\index.php(45): CodeIgniter\CodeIgniter->run()
#5 C:\xampp\htdocs\Wilis\vendor\codeigniter4\framework\system\Commands\Server\rewrite.php(34): require_once('C:\\xampp\\htdocs...')
#6 {main}
CRITICAL - 2021-07-01 10:45:02 --> Undefined property: App\Controllers\Pages::$productModel
#0 C:\xampp\htdocs\Wilis\app\Controllers\Pages.php(16): CodeIgniter\Debug\Exceptions->errorHandler(8, 'Undefined prope...', 'C:\\xampp\\htdocs...', 16, Array)
#1 C:\xampp\htdocs\Wilis\vendor\codeigniter4\framework\system\CodeIgniter.php(918): App\Controllers\Pages->index()
#2 C:\xampp\htdocs\Wilis\vendor\codeigniter4\framework\system\CodeIgniter.php(404): CodeIgniter\CodeIgniter->runController(Object(App\Controllers\Pages))
#3 C:\xampp\htdocs\Wilis\vendor\codeigniter4\framework\system\CodeIgniter.php(312): CodeIgniter\CodeIgniter->handleRequest(NULL, Object(Config\Cache), false)
#4 C:\xampp\htdocs\Wilis\public\index.php(45): CodeIgniter\CodeIgniter->run()
#5 C:\xampp\htdocs\Wilis\vendor\codeigniter4\framework\system\Commands\Server\rewrite.php(34): require_once('C:\\xampp\\htdocs...')
#6 {main}
CRITICAL - 2021-07-01 10:45:02 --> Undefined property: App\Controllers\Pages::$productModel
#0 C:\xampp\htdocs\Wilis\app\Controllers\Pages.php(16): CodeIgniter\Debug\Exceptions->errorHandler(8, 'Undefined prope...', 'C:\\xampp\\htdocs...', 16, Array)
#1 C:\xampp\htdocs\Wilis\vendor\codeigniter4\framework\system\CodeIgniter.php(918): App\Controllers\Pages->index()
#2 C:\xampp\htdocs\Wilis\vendor\codeigniter4\framework\system\CodeIgniter.php(404): CodeIgniter\CodeIgniter->runController(Object(App\Controllers\Pages))
#3 C:\xampp\htdocs\Wilis\vendor\codeigniter4\framework\system\CodeIgniter.php(312): CodeIgniter\CodeIgniter->handleRequest(NULL, Object(Config\Cache), false)
#4 C:\xampp\htdocs\Wilis\public\index.php(45): CodeIgniter\CodeIgniter->run()
#5 C:\xampp\htdocs\Wilis\vendor\codeigniter4\framework\system\Commands\Server\rewrite.php(34): require_once('C:\\xampp\\htdocs...')
#6 {main}
CRITICAL - 2021-07-01 10:45:03 --> Undefined property: App\Controllers\Pages::$productModel
#0 C:\xampp\htdocs\Wilis\app\Controllers\Pages.php(16): CodeIgniter\Debug\Exceptions->errorHandler(8, 'Undefined prope...', 'C:\\xampp\\htdocs...', 16, Array)
#1 C:\xampp\htdocs\Wilis\vendor\codeigniter4\framework\system\CodeIgniter.php(918): App\Controllers\Pages->index()
#2 C:\xampp\htdocs\Wilis\vendor\codeigniter4\framework\system\CodeIgniter.php(404): CodeIgniter\CodeIgniter->runController(Object(App\Controllers\Pages))
#3 C:\xampp\htdocs\Wilis\vendor\codeigniter4\framework\system\CodeIgniter.php(312): CodeIgniter\CodeIgniter->handleRequest(NULL, Object(Config\Cache), false)
#4 C:\xampp\htdocs\Wilis\public\index.php(45): CodeIgniter\CodeIgniter->run()
#5 C:\xampp\htdocs\Wilis\vendor\codeigniter4\framework\system\Commands\Server\rewrite.php(34): require_once('C:\\xampp\\htdocs...')
#6 {main}
CRITICAL - 2021-07-01 10:48:02 --> Undefined variable: items
#0 C:\xampp\htdocs\Wilis\app\Views\pages\home.php(277): CodeIgniter\Debug\Exceptions->errorHandler(8, 'Undefined varia...', 'C:\\xampp\\htdocs...', 277, Array)
#1 C:\xampp\htdocs\Wilis\vendor\codeigniter4\framework\system\View\View.php(246): include('C:\\xampp\\htdocs...')
#2 C:\xampp\htdocs\Wilis\vendor\codeigniter4\framework\system\Common.php(1119): CodeIgniter\View\View->render('pages/home', Array, true)
#3 C:\xampp\htdocs\Wilis\app\Controllers\Pages.php(14): view('pages/home', Array)
#4 C:\xampp\htdocs\Wilis\vendor\codeigniter4\framework\system\CodeIgniter.php(918): App\Controllers\Pages->index()
#5 C:\xampp\htdocs\Wilis\vendor\codeigniter4\framework\system\CodeIgniter.php(404): CodeIgniter\CodeIgniter->runController(Object(App\Controllers\Pages))
#6 C:\xampp\htdocs\Wilis\vendor\codeigniter4\framework\system\CodeIgniter.php(312): CodeIgniter\CodeIgniter->handleRequest(NULL, Object(Config\Cache), false)
#7 C:\xampp\htdocs\Wilis\public\index.php(45): CodeIgniter\CodeIgniter->run()
#8 C:\xampp\htdocs\Wilis\vendor\codeigniter4\framework\system\Commands\Server\rewrite.php(34): require_once('C:\\xampp\\htdocs...')
#9 {main}
CRITICAL - 2021-07-01 11:39:12 --> View themes, no current section.
#0 C:\xampp\htdocs\Wilis\app\Views\product\detail.php(840): CodeIgniter\View\View->endSection()
#1 C:\xampp\htdocs\Wilis\vendor\codeigniter4\framework\system\View\View.php(246): include('C:\\xampp\\htdocs...')
#2 C:\xampp\htdocs\Wilis\vendor\codeigniter4\framework\system\Common.php(1119): CodeIgniter\View\View->render('product/detail', Array, true)
#3 C:\xampp\htdocs\Wilis\app\Controllers\Product.php(42): view('product/detail', Array)
#4 C:\xampp\htdocs\Wilis\vendor\codeigniter4\framework\system\CodeIgniter.php(918): App\Controllers\Product->detail('correction-tape')
#5 C:\xampp\htdocs\Wilis\vendor\codeigniter4\framework\system\CodeIgniter.php(404): CodeIgniter\CodeIgniter->runController(Object(App\Controllers\Product))
#6 C:\xampp\htdocs\Wilis\vendor\codeigniter4\framework\system\CodeIgniter.php(312): CodeIgniter\CodeIgniter->handleRequest(NULL, Object(Config\Cache), false)
#7 C:\xampp\htdocs\Wilis\public\index.php(45): CodeIgniter\CodeIgniter->run()
#8 C:\xampp\htdocs\Wilis\vendor\codeigniter4\framework\system\Commands\Server\rewrite.php(34): require_once('C:\\xampp\\htdocs...')
#9 {main}
CRITICAL - 2021-07-01 11:41:50 --> Undefined variable: items
#0 C:\xampp\htdocs\Wilis\app\Views\product\detail.php(276): CodeIgniter\Debug\Exceptions->errorHandler(8, 'Undefined varia...', 'C:\\xampp\\htdocs...', 276, Array)
#1 C:\xampp\htdocs\Wilis\vendor\codeigniter4\framework\system\View\View.php(246): include('C:\\xampp\\htdocs...')
#2 C:\xampp\htdocs\Wilis\vendor\codeigniter4\framework\system\Common.php(1119): CodeIgniter\View\View->render('product/detail', Array, true)
#3 C:\xampp\htdocs\Wilis\app\Controllers\Product.php(42): view('product/detail', Array)
#4 C:\xampp\htdocs\Wilis\vendor\codeigniter4\framework\system\CodeIgniter.php(918): App\Controllers\Product->detail('correction-tape')
#5 C:\xampp\htdocs\Wilis\vendor\codeigniter4\framework\system\CodeIgniter.php(404): CodeIgniter\CodeIgniter->runController(Object(App\Controllers\Product))
#6 C:\xampp\htdocs\Wilis\vendor\codeigniter4\framework\system\CodeIgniter.php(312): CodeIgniter\CodeIgniter->handleRequest(NULL, Object(Config\Cache), false)
#7 C:\xampp\htdocs\Wilis\public\index.php(45): CodeIgniter\CodeIgniter->run()
#8 C:\xampp\htdocs\Wilis\vendor\codeigniter4\framework\system\Commands\Server\rewrite.php(34): require_once('C:\\xampp\\htdocs...')
#9 {main}
CRITICAL - 2021-07-01 11:41:57 --> Undefined variable: items
#0 C:\xampp\htdocs\Wilis\app\Views\product\detail.php(276): CodeIgniter\Debug\Exceptions->errorHandler(8, 'Undefined varia...', 'C:\\xampp\\htdocs...', 276, Array)
#1 C:\xampp\htdocs\Wilis\vendor\codeigniter4\framework\system\View\View.php(246): include('C:\\xampp\\htdocs...')
#2 C:\xampp\htdocs\Wilis\vendor\codeigniter4\framework\system\Common.php(1119): CodeIgniter\View\View->render('product/detail', Array, true)
#3 C:\xampp\htdocs\Wilis\app\Controllers\Product.php(42): view('product/detail', Array)
#4 C:\xampp\htdocs\Wilis\vendor\codeigniter4\framework\system\CodeIgniter.php(918): App\Controllers\Product->detail('correction-tape')
#5 C:\xampp\htdocs\Wilis\vendor\codeigniter4\framework\system\CodeIgniter.php(404): CodeIgniter\CodeIgniter->runController(Object(App\Controllers\Product))
#6 C:\xampp\htdocs\Wilis\vendor\codeigniter4\framework\system\CodeIgniter.php(312): CodeIgniter\CodeIgniter->handleRequest(NULL, Object(Config\Cache), false)
#7 C:\xampp\htdocs\Wilis\public\index.php(45): CodeIgniter\CodeIgniter->run()
#8 C:\xampp\htdocs\Wilis\vendor\codeigniter4\framework\system\Commands\Server\rewrite.php(34): require_once('C:\\xampp\\htdocs...')
#9 {main}
CRITICAL - 2021-07-01 11:44:08 --> Undefined variable: product
#0 C:\xampp\htdocs\Wilis\app\Views\product\index.php(58): CodeIgniter\Debug\Exceptions->errorHandler(8, 'Undefined varia...', 'C:\\xampp\\htdocs...', 58, Array)
#1 C:\xampp\htdocs\Wilis\vendor\codeigniter4\framework\system\View\View.php(246): include('C:\\xampp\\htdocs...')
#2 C:\xampp\htdocs\Wilis\vendor\codeigniter4\framework\system\Common.php(1119): CodeIgniter\View\View->render('product/index', Array, true)
#3 C:\xampp\htdocs\Wilis\app\Controllers\Product.php(28): view('product/index', Array)
#4 C:\xampp\htdocs\Wilis\vendor\codeigniter4\framework\system\CodeIgniter.php(918): App\Controllers\Product->index()
#5 C:\xampp\htdocs\Wilis\vendor\codeigniter4\framework\system\CodeIgniter.php(404): CodeIgniter\CodeIgniter->runController(Object(App\Controllers\Product))
#6 C:\xampp\htdocs\Wilis\vendor\codeigniter4\framework\system\CodeIgniter.php(312): CodeIgniter\CodeIgniter->handleRequest(NULL, Object(Config\Cache), false)
#7 C:\xampp\htdocs\Wilis\public\index.php(45): CodeIgniter\CodeIgniter->run()
#8 C:\xampp\htdocs\Wilis\vendor\codeigniter4\framework\system\Commands\Server\rewrite.php(34): require_once('C:\\xampp\\htdocs...')
#9 {main}
CRITICAL - 2021-07-01 21:59:11 --> Undefined variable: items
#0 C:\xampp\htdocs\Wilis\app\Views\product\detail.php(364): CodeIgniter\Debug\Exceptions->errorHandler(8, 'Undefined varia...', 'C:\\xampp\\htdocs...', 364, Array)
#1 C:\xampp\htdocs\Wilis\vendor\codeigniter4\framework\system\View\View.php(246): include('C:\\xampp\\htdocs...')
#2 C:\xampp\htdocs\Wilis\vendor\codeigniter4\framework\system\Common.php(1119): CodeIgniter\View\View->render('product/detail', Array, true)
#3 C:\xampp\htdocs\Wilis\app\Controllers\Product.php(42): view('product/detail', Array)
#4 C:\xampp\htdocs\Wilis\vendor\codeigniter4\framework\system\CodeIgniter.php(918): App\Controllers\Product->detail('pensil')
#5 C:\xampp\htdocs\Wilis\vendor\codeigniter4\framework\system\CodeIgniter.php(404): CodeIgniter\CodeIgniter->runController(Object(App\Controllers\Product))
#6 C:\xampp\htdocs\Wilis\vendor\codeigniter4\framework\system\CodeIgniter.php(312): CodeIgniter\CodeIgniter->handleRequest(NULL, Object(Config\Cache), false)
#7 C:\xampp\htdocs\Wilis\public\index.php(45): CodeIgniter\CodeIgniter->run()
#8 C:\xampp\htdocs\Wilis\vendor\codeigniter4\framework\system\Commands\Server\rewrite.php(34): require_once('C:\\xampp\\htdocs...')
#9 {main}
CRITICAL - 2021-07-01 22:01:23 --> Undefined variable: items
#0 C:\xampp\htdocs\Wilis\app\Views\product\detail.php(364): CodeIgniter\Debug\Exceptions->errorHandler(8, 'Undefined varia...', 'C:\\xampp\\htdocs...', 364, Array)
#1 C:\xampp\htdocs\Wilis\vendor\codeigniter4\framework\system\View\View.php(246): include('C:\\xampp\\htdocs...')
#2 C:\xampp\htdocs\Wilis\vendor\codeigniter4\framework\system\Common.php(1119): CodeIgniter\View\View->render('product/detail', Array, true)
#3 C:\xampp\htdocs\Wilis\app\Controllers\Product.php(42): view('product/detail', Array)
#4 C:\xampp\htdocs\Wilis\vendor\codeigniter4\framework\system\CodeIgniter.php(918): App\Controllers\Product->detail('pensil')
#5 C:\xampp\htdocs\Wilis\vendor\codeigniter4\framework\system\CodeIgniter.php(404): CodeIgniter\CodeIgniter->runController(Object(App\Controllers\Product))
#6 C:\xampp\htdocs\Wilis\vendor\codeigniter4\framework\system\CodeIgniter.php(312): CodeIgniter\CodeIgniter->handleRequest(NULL, Object(Config\Cache), false)
#7 C:\xampp\htdocs\Wilis\public\index.php(45): CodeIgniter\CodeIgniter->run()
#8 C:\xampp\htdocs\Wilis\vendor\codeigniter4\framework\system\Commands\Server\rewrite.php(34): require_once('C:\\xampp\\htdocs...')
#9 {main}
CRITICAL - 2021-07-01 22:01:28 --> Undefined variable: items
#0 C:\xampp\htdocs\Wilis\app\Views\product\detail.php(364): CodeIgniter\Debug\Exceptions->errorHandler(8, 'Undefined varia...', 'C:\\xampp\\htdocs...', 364, Array)
#1 C:\xampp\htdocs\Wilis\vendor\codeigniter4\framework\system\View\View.php(246): include('C:\\xampp\\htdocs...')
#2 C:\xampp\htdocs\Wilis\vendor\codeigniter4\framework\system\Common.php(1119): CodeIgniter\View\View->render('product/detail', Array, true)
#3 C:\xampp\htdocs\Wilis\app\Controllers\Product.php(42): view('product/detail', Array)
#4 C:\xampp\htdocs\Wilis\vendor\codeigniter4\framework\system\CodeIgniter.php(918): App\Controllers\Product->detail('penggaris')
#5 C:\xampp\htdocs\Wilis\vendor\codeigniter4\framework\system\CodeIgniter.php(404): CodeIgniter\CodeIgniter->runController(Object(App\Controllers\Product))
#6 C:\xampp\htdocs\Wilis\vendor\codeigniter4\framework\system\CodeIgniter.php(312): CodeIgniter\CodeIgniter->handleRequest(NULL, Object(Config\Cache), false)
#7 C:\xampp\htdocs\Wilis\public\index.php(45): CodeIgniter\CodeIgniter->run()
#8 C:\xampp\htdocs\Wilis\vendor\codeigniter4\framework\system\Commands\Server\rewrite.php(34): require_once('C:\\xampp\\htdocs...')
#9 {main}
CRITICAL - 2021-07-01 22:01:57 --> Undefined variable: items
#0 C:\xampp\htdocs\Wilis\app\Views\product\detail.php(364): CodeIgniter\Debug\Exceptions->errorHandler(8, 'Undefined varia...', 'C:\\xampp\\htdocs...', 364, Array)
#1 C:\xampp\htdocs\Wilis\vendor\codeigniter4\framework\system\View\View.php(246): include('C:\\xampp\\htdocs...')
#2 C:\xampp\htdocs\Wilis\vendor\codeigniter4\framework\system\Common.php(1119): CodeIgniter\View\View->render('product/detail', Array, true)
#3 C:\xampp\htdocs\Wilis\app\Controllers\Product.php(42): view('product/detail', Array)
#4 C:\xampp\htdocs\Wilis\vendor\codeigniter4\framework\system\CodeIgniter.php(918): App\Controllers\Product->detail('penggaris')
#5 C:\xampp\htdocs\Wilis\vendor\codeigniter4\framework\system\CodeIgniter.php(404): CodeIgniter\CodeIgniter->runController(Object(App\Controllers\Product))
#6 C:\xampp\htdocs\Wilis\vendor\codeigniter4\framework\system\CodeIgniter.php(312): CodeIgniter\CodeIgniter->handleRequest(NULL, Object(Config\Cache), false)
#7 C:\xampp\htdocs\Wilis\public\index.php(45): CodeIgniter\CodeIgniter->run()
#8 C:\xampp\htdocs\Wilis\vendor\codeigniter4\framework\system\Commands\Server\rewrite.php(34): require_once('C:\\xampp\\htdocs...')
#9 {main}
CRITICAL - 2021-07-01 22:02:07 --> Undefined variable: items
#0 C:\xampp\htdocs\Wilis\app\Views\product\detail.php(364): CodeIgniter\Debug\Exceptions->errorHandler(8, 'Undefined varia...', 'C:\\xampp\\htdocs...', 364, Array)
#1 C:\xampp\htdocs\Wilis\vendor\codeigniter4\framework\system\View\View.php(246): include('C:\\xampp\\htdocs...')
#2 C:\xampp\htdocs\Wilis\vendor\codeigniter4\framework\system\Common.php(1119): CodeIgniter\View\View->render('product/detail', Array, true)
#3 C:\xampp\htdocs\Wilis\app\Controllers\Product.php(42): view('product/detail', Array)
#4 C:\xampp\htdocs\Wilis\vendor\codeigniter4\framework\system\CodeIgniter.php(918): App\Controllers\Product->detail('penggaris')
#5 C:\xampp\htdocs\Wilis\vendor\codeigniter4\framework\system\CodeIgniter.php(404): CodeIgniter\CodeIgniter->runController(Object(App\Controllers\Product))
#6 C:\xampp\htdocs\Wilis\vendor\codeigniter4\framework\system\CodeIgniter.php(312): CodeIgniter\CodeIgniter->handleRequest(NULL, Object(Config\Cache), false)
#7 C:\xampp\htdocs\Wilis\public\index.php(45): CodeIgniter\CodeIgniter->run()
#8 C:\xampp\htdocs\Wilis\vendor\codeigniter4\framework\system\Commands\Server\rewrite.php(34): require_once('C:\\xampp\\htdocs...')
#9 {main}
CRITICAL - 2021-07-01 22:02:46 --> Undefined variable: items
#0 C:\xampp\htdocs\Wilis\app\Views\product\detail.php(364): CodeIgniter\Debug\Exceptions->errorHandler(8, 'Undefined varia...', 'C:\\xampp\\htdocs...', 364, Array)
#1 C:\xampp\htdocs\Wilis\vendor\codeigniter4\framework\system\View\View.php(246): include('C:\\xampp\\htdocs...')
#2 C:\xampp\htdocs\Wilis\vendor\codeigniter4\framework\system\Common.php(1119): CodeIgniter\View\View->render('product/detail', Array, true)
#3 C:\xampp\htdocs\Wilis\app\Controllers\Product.php(42): view('product/detail', Array)
#4 C:\xampp\htdocs\Wilis\vendor\codeigniter4\framework\system\CodeIgniter.php(918): App\Controllers\Product->detail('penggaris')
#5 C:\xampp\htdocs\Wilis\vendor\codeigniter4\framework\system\CodeIgniter.php(404): CodeIgniter\CodeIgniter->runController(Object(App\Controllers\Product))
#6 C:\xampp\htdocs\Wilis\vendor\codeigniter4\framework\system\CodeIgniter.php(312): CodeIgniter\CodeIgniter->handleRequest(NULL, Object(Config\Cache), false)
#7 C:\xampp\htdocs\Wilis\public\index.php(45): CodeIgniter\CodeIgniter->run()
#8 C:\xampp\htdocs\Wilis\vendor\codeigniter4\framework\system\Commands\Server\rewrite.php(34): require_once('C:\\xampp\\htdocs...')
#9 {main}
CRITICAL - 2021-07-01 22:02:47 --> Undefined variable: items
#0 C:\xampp\htdocs\Wilis\app\Views\product\detail.php(364): CodeIgniter\Debug\Exceptions->errorHandler(8, 'Undefined varia...', 'C:\\xampp\\htdocs...', 364, Array)
#1 C:\xampp\htdocs\Wilis\vendor\codeigniter4\framework\system\View\View.php(246): include('C:\\xampp\\htdocs...')
#2 C:\xampp\htdocs\Wilis\vendor\codeigniter4\framework\system\Common.php(1119): CodeIgniter\View\View->render('product/detail', Array, true)
#3 C:\xampp\htdocs\Wilis\app\Controllers\Product.php(42): view('product/detail', Array)
#4 C:\xampp\htdocs\Wilis\vendor\codeigniter4\framework\system\CodeIgniter.php(918): App\Controllers\Product->detail('penggaris')
#5 C:\xampp\htdocs\Wilis\vendor\codeigniter4\framework\system\CodeIgniter.php(404): CodeIgniter\CodeIgniter->runController(Object(App\Controllers\Product))
#6 C:\xampp\htdocs\Wilis\vendor\codeigniter4\framework\system\CodeIgniter.php(312): CodeIgniter\CodeIgniter->handleRequest(NULL, Object(Config\Cache), false)
#7 C:\xampp\htdocs\Wilis\public\index.php(45): CodeIgniter\CodeIgniter->run()
#8 C:\xampp\htdocs\Wilis\vendor\codeigniter4\framework\system\Commands\Server\rewrite.php(34): require_once('C:\\xampp\\htdocs...')
#9 {main}
CRITICAL - 2021-07-01 22:02:52 --> Undefined variable: items
#0 C:\xampp\htdocs\Wilis\app\Views\product\detail.php(364): CodeIgniter\Debug\Exceptions->errorHandler(8, 'Undefined varia...', 'C:\\xampp\\htdocs...', 364, Array)
#1 C:\xampp\htdocs\Wilis\vendor\codeigniter4\framework\system\View\View.php(246): include('C:\\xampp\\htdocs...')
#2 C:\xampp\htdocs\Wilis\vendor\codeigniter4\framework\system\Common.php(1119): CodeIgniter\View\View->render('product/detail', Array, true)
#3 C:\xampp\htdocs\Wilis\app\Controllers\Product.php(42): view('product/detail', Array)
#4 C:\xampp\htdocs\Wilis\vendor\codeigniter4\framework\system\CodeIgniter.php(918): App\Controllers\Product->detail('penggaris')
#5 C:\xampp\htdocs\Wilis\vendor\codeigniter4\framework\system\CodeIgniter.php(404): CodeIgniter\CodeIgniter->runController(Object(App\Controllers\Product))
#6 C:\xampp\htdocs\Wilis\vendor\codeigniter4\framework\system\CodeIgniter.php(312): CodeIgniter\CodeIgniter->handleRequest(NULL, Object(Config\Cache), false)
#7 C:\xampp\htdocs\Wilis\public\index.php(45): CodeIgniter\CodeIgniter->run()
#8 C:\xampp\htdocs\Wilis\vendor\codeigniter4\framework\system\Commands\Server\rewrite.php(34): require_once('C:\\xampp\\htdocs...')
#9 {main}
CRITICAL - 2021-07-01 22:05:05 --> Undefined variable: items
#0 C:\xampp\htdocs\Wilis\app\Views\product\detail.php(364): CodeIgniter\Debug\Exceptions->errorHandler(8, 'Undefined varia...', 'C:\\xampp\\htdocs...', 364, Array)
#1 C:\xampp\htdocs\Wilis\vendor\codeigniter4\framework\system\View\View.php(246): include('C:\\xampp\\htdocs...')
#2 C:\xampp\htdocs\Wilis\vendor\codeigniter4\framework\system\Common.php(1119): CodeIgniter\View\View->render('product/detail', Array, true)
#3 C:\xampp\htdocs\Wilis\app\Controllers\Product.php(42): view('product/detail', Array)
#4 C:\xampp\htdocs\Wilis\vendor\codeigniter4\framework\system\CodeIgniter.php(918): App\Controllers\Product->detail('penggaris')
#5 C:\xampp\htdocs\Wilis\vendor\codeigniter4\framework\system\CodeIgniter.php(404): CodeIgniter\CodeIgniter->runController(Object(App\Controllers\Product))
#6 C:\xampp\htdocs\Wilis\vendor\codeigniter4\framework\system\CodeIgniter.php(312): CodeIgniter\CodeIgniter->handleRequest(NULL, Object(Config\Cache), false)
#7 C:\xampp\htdocs\Wilis\public\index.php(45): CodeIgniter\CodeIgniter->run()
#8 C:\xampp\htdocs\Wilis\vendor\codeigniter4\framework\system\Commands\Server\rewrite.php(34): require_once('C:\\xampp\\htdocs...')
#9 {main}
CRITICAL - 2021-07-01 22:05:06 --> Undefined variable: items
#0 C:\xampp\htdocs\Wilis\app\Views\product\detail.php(364): CodeIgniter\Debug\Exceptions->errorHandler(8, 'Undefined varia...', 'C:\\xampp\\htdocs...', 364, Array)
#1 C:\xampp\htdocs\Wilis\vendor\codeigniter4\framework\system\View\View.php(246): include('C:\\xampp\\htdocs...')
#2 C:\xampp\htdocs\Wilis\vendor\codeigniter4\framework\system\Common.php(1119): CodeIgniter\View\View->render('product/detail', Array, true)
#3 C:\xampp\htdocs\Wilis\app\Controllers\Product.php(42): view('product/detail', Array)
#4 C:\xampp\htdocs\Wilis\vendor\codeigniter4\framework\system\CodeIgniter.php(918): App\Controllers\Product->detail('penggaris')
#5 C:\xampp\htdocs\Wilis\vendor\codeigniter4\framework\system\CodeIgniter.php(404): CodeIgniter\CodeIgniter->runController(Object(App\Controllers\Product))
#6 C:\xampp\htdocs\Wilis\vendor\codeigniter4\framework\system\CodeIgniter.php(312): CodeIgniter\CodeIgniter->handleRequest(NULL, Object(Config\Cache), false)
#7 C:\xampp\htdocs\Wilis\public\index.php(45): CodeIgniter\CodeIgniter->run()
#8 C:\xampp\htdocs\Wilis\vendor\codeigniter4\framework\system\Commands\Server\rewrite.php(34): require_once('C:\\xampp\\htdocs...')
#9 {main}
CRITICAL - 2021-07-01 22:05:07 --> Undefined variable: items
#0 C:\xampp\htdocs\Wilis\app\Views\product\detail.php(364): CodeIgniter\Debug\Exceptions->errorHandler(8, 'Undefined varia...', 'C:\\xampp\\htdocs...', 364, Array)
#1 C:\xampp\htdocs\Wilis\vendor\codeigniter4\framework\system\View\View.php(246): include('C:\\xampp\\htdocs...')
#2 C:\xampp\htdocs\Wilis\vendor\codeigniter4\framework\system\Common.php(1119): CodeIgniter\View\View->render('product/detail', Array, true)
#3 C:\xampp\htdocs\Wilis\app\Controllers\Product.php(42): view('product/detail', Array)
#4 C:\xampp\htdocs\Wilis\vendor\codeigniter4\framework\system\CodeIgniter.php(918): App\Controllers\Product->detail('penggaris')
#5 C:\xampp\htdocs\Wilis\vendor\codeigniter4\framework\system\CodeIgniter.php(404): CodeIgniter\CodeIgniter->runController(Object(App\Controllers\Product))
#6 C:\xampp\htdocs\Wilis\vendor\codeigniter4\framework\system\CodeIgniter.php(312): CodeIgniter\CodeIgniter->handleRequest(NULL, Object(Config\Cache), false)
#7 C:\xampp\htdocs\Wilis\public\index.php(45): CodeIgniter\CodeIgniter->run()
#8 C:\xampp\htdocs\Wilis\vendor\codeigniter4\framework\system\Commands\Server\rewrite.php(34): require_once('C:\\xampp\\htdocs...')
#9 {main}
CRITICAL - 2021-07-01 22:05:15 --> Undefined variable: items
#0 C:\xampp\htdocs\Wilis\app\Views\product\detail.php(364): CodeIgniter\Debug\Exceptions->errorHandler(8, 'Undefined varia...', 'C:\\xampp\\htdocs...', 364, Array)
#1 C:\xampp\htdocs\Wilis\vendor\codeigniter4\framework\system\View\View.php(246): include('C:\\xampp\\htdocs...')
#2 C:\xampp\htdocs\Wilis\vendor\codeigniter4\framework\system\Common.php(1119): CodeIgniter\View\View->render('product/detail', Array, true)
#3 C:\xampp\htdocs\Wilis\app\Controllers\Product.php(42): view('product/detail', Array)
#4 C:\xampp\htdocs\Wilis\vendor\codeigniter4\framework\system\CodeIgniter.php(918): App\Controllers\Product->detail('penggaris')
#5 C:\xampp\htdocs\Wilis\vendor\codeigniter4\framework\system\CodeIgniter.php(404): CodeIgniter\CodeIgniter->runController(Object(App\Controllers\Product))
#6 C:\xampp\htdocs\Wilis\vendor\codeigniter4\framework\system\CodeIgniter.php(312): CodeIgniter\CodeIgniter->handleRequest(NULL, Object(Config\Cache), false)
#7 C:\xampp\htdocs\Wilis\public\index.php(45): CodeIgniter\CodeIgniter->run()
#8 C:\xampp\htdocs\Wilis\vendor\codeigniter4\framework\system\Commands\Server\rewrite.php(34): require_once('C:\\xampp\\htdocs...')
#9 {main}
CRITICAL - 2021-07-01 22:05:16 --> Undefined variable: items
#0 C:\xampp\htdocs\Wilis\app\Views\product\detail.php(364): CodeIgniter\Debug\Exceptions->errorHandler(8, 'Undefined varia...', 'C:\\xampp\\htdocs...', 364, Array)
#1 C:\xampp\htdocs\Wilis\vendor\codeigniter4\framework\system\View\View.php(246): include('C:\\xampp\\htdocs...')
#2 C:\xampp\htdocs\Wilis\vendor\codeigniter4\framework\system\Common.php(1119): CodeIgniter\View\View->render('product/detail', Array, true)
#3 C:\xampp\htdocs\Wilis\app\Controllers\Product.php(42): view('product/detail', Array)
#4 C:\xampp\htdocs\Wilis\vendor\codeigniter4\framework\system\CodeIgniter.php(918): App\Controllers\Product->detail('penggaris')
#5 C:\xampp\htdocs\Wilis\vendor\codeigniter4\framework\system\CodeIgniter.php(404): CodeIgniter\CodeIgniter->runController(Object(App\Controllers\Product))
#6 C:\xampp\htdocs\Wilis\vendor\codeigniter4\framework\system\CodeIgniter.php(312): CodeIgniter\CodeIgniter->handleRequest(NULL, Object(Config\Cache), false)
#7 C:\xampp\htdocs\Wilis\public\index.php(45): CodeIgniter\CodeIgniter->run()
#8 C:\xampp\htdocs\Wilis\vendor\codeigniter4\framework\system\Commands\Server\rewrite.php(34): require_once('C:\\xampp\\htdocs...')
#9 {main}
CRITICAL - 2021-07-01 22:05:17 --> Undefined variable: items
#0 C:\xampp\htdocs\Wilis\app\Views\product\detail.php(364): CodeIgniter\Debug\Exceptions->errorHandler(8, 'Undefined varia...', 'C:\\xampp\\htdocs...', 364, Array)
#1 C:\xampp\htdocs\Wilis\vendor\codeigniter4\framework\system\View\View.php(246): include('C:\\xampp\\htdocs...')
#2 C:\xampp\htdocs\Wilis\vendor\codeigniter4\framework\system\Common.php(1119): CodeIgniter\View\View->render('product/detail', Array, true)
#3 C:\xampp\htdocs\Wilis\app\Controllers\Product.php(42): view('product/detail', Array)
#4 C:\xampp\htdocs\Wilis\vendor\codeigniter4\framework\system\CodeIgniter.php(918): App\Controllers\Product->detail('penggaris')
#5 C:\xampp\htdocs\Wilis\vendor\codeigniter4\framework\system\CodeIgniter.php(404): CodeIgniter\CodeIgniter->runController(Object(App\Controllers\Product))
#6 C:\xampp\htdocs\Wilis\vendor\codeigniter4\framework\system\CodeIgniter.php(312): CodeIgniter\CodeIgniter->handleRequest(NULL, Object(Config\Cache), false)
#7 C:\xampp\htdocs\Wilis\public\index.php(45): CodeIgniter\CodeIgniter->run()
#8 C:\xampp\htdocs\Wilis\vendor\codeigniter4\framework\system\Commands\Server\rewrite.php(34): require_once('C:\\xampp\\htdocs...')
#9 {main}
CRITICAL - 2021-07-01 22:05:17 --> Undefined variable: items
#0 C:\xampp\htdocs\Wilis\app\Views\product\detail.php(364): CodeIgniter\Debug\Exceptions->errorHandler(8, 'Undefined varia...', 'C:\\xampp\\htdocs...', 364, Array)
#1 C:\xampp\htdocs\Wilis\vendor\codeigniter4\framework\system\View\View.php(246): include('C:\\xampp\\htdocs...')
#2 C:\xampp\htdocs\Wilis\vendor\codeigniter4\framework\system\Common.php(1119): CodeIgniter\View\View->render('product/detail', Array, true)
#3 C:\xampp\htdocs\Wilis\app\Controllers\Product.php(42): view('product/detail', Array)
#4 C:\xampp\htdocs\Wilis\vendor\codeigniter4\framework\system\CodeIgniter.php(918): App\Controllers\Product->detail('penggaris')
#5 C:\xampp\htdocs\Wilis\vendor\codeigniter4\framework\system\CodeIgniter.php(404): CodeIgniter\CodeIgniter->runController(Object(App\Controllers\Product))
#6 C:\xampp\htdocs\Wilis\vendor\codeigniter4\framework\system\CodeIgniter.php(312): CodeIgniter\CodeIgniter->handleRequest(NULL, Object(Config\Cache), false)
#7 C:\xampp\htdocs\Wilis\public\index.php(45): CodeIgniter\CodeIgniter->run()
#8 C:\xampp\htdocs\Wilis\vendor\codeigniter4\framework\system\Commands\Server\rewrite.php(34): require_once('C:\\xampp\\htdocs...')
#9 {main}
CRITICAL - 2021-07-01 22:05:17 --> Undefined variable: items
#0 C:\xampp\htdocs\Wilis\app\Views\product\detail.php(364): CodeIgniter\Debug\Exceptions->errorHandler(8, 'Undefined varia...', 'C:\\xampp\\htdocs...', 364, Array)
#1 C:\xampp\htdocs\Wilis\vendor\codeigniter4\framework\system\View\View.php(246): include('C:\\xampp\\htdocs...')
#2 C:\xampp\htdocs\Wilis\vendor\codeigniter4\framework\system\Common.php(1119): CodeIgniter\View\View->render('product/detail', Array, true)
#3 C:\xampp\htdocs\Wilis\app\Controllers\Product.php(42): view('product/detail', Array)
#4 C:\xampp\htdocs\Wilis\vendor\codeigniter4\framework\system\CodeIgniter.php(918): App\Controllers\Product->detail('penggaris')
#5 C:\xampp\htdocs\Wilis\vendor\codeigniter4\framework\system\CodeIgniter.php(404): CodeIgniter\CodeIgniter->runController(Object(App\Controllers\Product))
#6 C:\xampp\htdocs\Wilis\vendor\codeigniter4\framework\system\CodeIgniter.php(312): CodeIgniter\CodeIgniter->handleRequest(NULL, Object(Config\Cache), false)
#7 C:\xampp\htdocs\Wilis\public\index.php(45): CodeIgniter\CodeIgniter->run()
#8 C:\xampp\htdocs\Wilis\vendor\codeigniter4\framework\system\Commands\Server\rewrite.php(34): require_once('C:\\xampp\\htdocs...')
#9 {main}
CRITICAL - 2021-07-01 22:05:18 --> Undefined variable: items
#0 C:\xampp\htdocs\Wilis\app\Views\product\detail.php(364): CodeIgniter\Debug\Exceptions->errorHandler(8, 'Undefined varia...', 'C:\\xampp\\htdocs...', 364, Array)
#1 C:\xampp\htdocs\Wilis\vendor\codeigniter4\framework\system\View\View.php(246): include('C:\\xampp\\htdocs...')
#2 C:\xampp\htdocs\Wilis\vendor\codeigniter4\framework\system\Common.php(1119): CodeIgniter\View\View->render('product/detail', Array, true)
#3 C:\xampp\htdocs\Wilis\app\Controllers\Product.php(42): view('product/detail', Array)
#4 C:\xampp\htdocs\Wilis\vendor\codeigniter4\framework\system\CodeIgniter.php(918): App\Controllers\Product->detail('penggaris')
#5 C:\xampp\htdocs\Wilis\vendor\codeigniter4\framework\system\CodeIgniter.php(404): CodeIgniter\CodeIgniter->runController(Object(App\Controllers\Product))
#6 C:\xampp\htdocs\Wilis\vendor\codeigniter4\framework\system\CodeIgniter.php(312): CodeIgniter\CodeIgniter->handleRequest(NULL, Object(Config\Cache), false)
#7 C:\xampp\htdocs\Wilis\public\index.php(45): CodeIgniter\CodeIgniter->run()
#8 C:\xampp\htdocs\Wilis\vendor\codeigniter4\framework\system\Commands\Server\rewrite.php(34): require_once('C:\\xampp\\htdocs...')
#9 {main}
CRITICAL - 2021-07-01 22:05:18 --> Undefined variable: items
#0 C:\xampp\htdocs\Wilis\app\Views\product\detail.php(364): CodeIgniter\Debug\Exceptions->errorHandler(8, 'Undefined varia...', 'C:\\xampp\\htdocs...', 364, Array)
#1 C:\xampp\htdocs\Wilis\vendor\codeigniter4\framework\system\View\View.php(246): include('C:\\xampp\\htdocs...')
#2 C:\xampp\htdocs\Wilis\vendor\codeigniter4\framework\system\Common.php(1119): CodeIgniter\View\View->render('product/detail', Array, true)
#3 C:\xampp\htdocs\Wilis\app\Controllers\Product.php(42): view('product/detail', Array)
#4 C:\xampp\htdocs\Wilis\vendor\codeigniter4\framework\system\CodeIgniter.php(918): App\Controllers\Product->detail('penggaris')
#5 C:\xampp\htdocs\Wilis\vendor\codeigniter4\framework\system\CodeIgniter.php(404): CodeIgniter\CodeIgniter->runController(Object(App\Controllers\Product))
#6 C:\xampp\htdocs\Wilis\vendor\codeigniter4\framework\system\CodeIgniter.php(312): CodeIgniter\CodeIgniter->handleRequest(NULL, Object(Config\Cache), false)
#7 C:\xampp\htdocs\Wilis\public\index.php(45): CodeIgniter\CodeIgniter->run()
#8 C:\xampp\htdocs\Wilis\vendor\codeigniter4\framework\system\Commands\Server\rewrite.php(34): require_once('C:\\xampp\\htdocs...')
#9 {main}
CRITICAL - 2021-07-01 22:06:06 --> Undefined variable: items
#0 C:\xampp\htdocs\Wilis\app\Views\product\detail.php(364): CodeIgniter\Debug\Exceptions->errorHandler(8, 'Undefined varia...', 'C:\\xampp\\htdocs...', 364, Array)
#1 C:\xampp\htdocs\Wilis\vendor\codeigniter4\framework\system\View\View.php(246): include('C:\\xampp\\htdocs...')
#2 C:\xampp\htdocs\Wilis\vendor\codeigniter4\framework\system\Common.php(1119): CodeIgniter\View\View->render('product/detail', Array, true)
#3 C:\xampp\htdocs\Wilis\app\Controllers\Product.php(42): view('product/detail', Array)
#4 C:\xampp\htdocs\Wilis\vendor\codeigniter4\framework\system\CodeIgniter.php(918): App\Controllers\Product->detail('penggaris')
#5 C:\xampp\htdocs\Wilis\vendor\codeigniter4\framework\system\CodeIgniter.php(404): CodeIgniter\CodeIgniter->runController(Object(App\Controllers\Product))
#6 C:\xampp\htdocs\Wilis\vendor\codeigniter4\framework\system\CodeIgniter.php(312): CodeIgniter\CodeIgniter->handleRequest(NULL, Object(Config\Cache), false)
#7 C:\xampp\htdocs\Wilis\public\index.php(45): CodeIgniter\CodeIgniter->run()
#8 C:\xampp\htdocs\Wilis\vendor\codeigniter4\framework\system\Commands\Server\rewrite.php(34): require_once('C:\\xampp\\htdocs...')
#9 {main}
CRITICAL - 2021-07-01 22:06:07 --> Undefined variable: items
#0 C:\xampp\htdocs\Wilis\app\Views\product\detail.php(364): CodeIgniter\Debug\Exceptions->errorHandler(8, 'Undefined varia...', 'C:\\xampp\\htdocs...', 364, Array)
#1 C:\xampp\htdocs\Wilis\vendor\codeigniter4\framework\system\View\View.php(246): include('C:\\xampp\\htdocs...')
#2 C:\xampp\htdocs\Wilis\vendor\codeigniter4\framework\system\Common.php(1119): CodeIgniter\View\View->render('product/detail', Array, true)
#3 C:\xampp\htdocs\Wilis\app\Controllers\Product.php(42): view('product/detail', Array)
#4 C:\xampp\htdocs\Wilis\vendor\codeigniter4\framework\system\CodeIgniter.php(918): App\Controllers\Product->detail('penggaris')
#5 C:\xampp\htdocs\Wilis\vendor\codeigniter4\framework\system\CodeIgniter.php(404): CodeIgniter\CodeIgniter->runController(Object(App\Controllers\Product))
#6 C:\xampp\htdocs\Wilis\vendor\codeigniter4\framework\system\CodeIgniter.php(312): CodeIgniter\CodeIgniter->handleRequest(NULL, Object(Config\Cache), false)
#7 C:\xampp\htdocs\Wilis\public\index.php(45): CodeIgniter\CodeIgniter->run()
#8 C:\xampp\htdocs\Wilis\vendor\codeigniter4\framework\system\Commands\Server\rewrite.php(34): require_once('C:\\xampp\\htdocs...')
#9 {main}
CRITICAL - 2021-07-01 22:06:08 --> Undefined variable: items
#0 C:\xampp\htdocs\Wilis\app\Views\product\detail.php(364): CodeIgniter\Debug\Exceptions->errorHandler(8, 'Undefined varia...', 'C:\\xampp\\htdocs...', 364, Array)
#1 C:\xampp\htdocs\Wilis\vendor\codeigniter4\framework\system\View\View.php(246): include('C:\\xampp\\htdocs...')
#2 C:\xampp\htdocs\Wilis\vendor\codeigniter4\framework\system\Common.php(1119): CodeIgniter\View\View->render('product/detail', Array, true)
#3 C:\xampp\htdocs\Wilis\app\Controllers\Product.php(42): view('product/detail', Array)
#4 C:\xampp\htdocs\Wilis\vendor\codeigniter4\framework\system\CodeIgniter.php(918): App\Controllers\Product->detail('penggaris')
#5 C:\xampp\htdocs\Wilis\vendor\codeigniter4\framework\system\CodeIgniter.php(404): CodeIgniter\CodeIgniter->runController(Object(App\Controllers\Product))
#6 C:\xampp\htdocs\Wilis\vendor\codeigniter4\framework\system\CodeIgniter.php(312): CodeIgniter\CodeIgniter->handleRequest(NULL, Object(Config\Cache), false)
#7 C:\xampp\htdocs\Wilis\public\index.php(45): CodeIgniter\CodeIgniter->run()
#8 C:\xampp\htdocs\Wilis\vendor\codeigniter4\framework\system\Commands\Server\rewrite.php(34): require_once('C:\\xampp\\htdocs...')
#9 {main}
CRITICAL - 2021-07-01 22:08:42 --> Undefined variable: items
#0 C:\xampp\htdocs\Wilis\app\Views\product\detail.php(364): CodeIgniter\Debug\Exceptions->errorHandler(8, 'Undefined varia...', 'C:\\xampp\\htdocs...', 364, Array)
#1 C:\xampp\htdocs\Wilis\vendor\codeigniter4\framework\system\View\View.php(246): include('C:\\xampp\\htdocs...')
#2 C:\xampp\htdocs\Wilis\vendor\codeigniter4\framework\system\Common.php(1119): CodeIgniter\View\View->render('product/detail', Array, true)
#3 C:\xampp\htdocs\Wilis\app\Controllers\Product.php(42): view('product/detail', Array)
#4 C:\xampp\htdocs\Wilis\vendor\codeigniter4\framework\system\CodeIgniter.php(918): App\Controllers\Product->detail('penggaris')
#5 C:\xampp\htdocs\Wilis\vendor\codeigniter4\framework\system\CodeIgniter.php(404): CodeIgniter\CodeIgniter->runController(Object(App\Controllers\Product))
#6 C:\xampp\htdocs\Wilis\vendor\codeigniter4\framework\system\CodeIgniter.php(312): CodeIgniter\CodeIgniter->handleRequest(NULL, Object(Config\Cache), false)
#7 C:\xampp\htdocs\Wilis\public\index.php(45): CodeIgniter\CodeIgniter->run()
#8 C:\xampp\htdocs\Wilis\vendor\codeigniter4\framework\system\Commands\Server\rewrite.php(34): require_once('C:\\xampp\\htdocs...')
#9 {main}
CRITICAL - 2021-07-01 22:08:43 --> Undefined variable: items
#0 C:\xampp\htdocs\Wilis\app\Views\product\detail.php(364): CodeIgniter\Debug\Exceptions->errorHandler(8, 'Undefined varia...', 'C:\\xampp\\htdocs...', 364, Array)
#1 C:\xampp\htdocs\Wilis\vendor\codeigniter4\framework\system\View\View.php(246): include('C:\\xampp\\htdocs...')
#2 C:\xampp\htdocs\Wilis\vendor\codeigniter4\framework\system\Common.php(1119): CodeIgniter\View\View->render('product/detail', Array, true)
#3 C:\xampp\htdocs\Wilis\app\Controllers\Product.php(42): view('product/detail', Array)
#4 C:\xampp\htdocs\Wilis\vendor\codeigniter4\framework\system\CodeIgniter.php(918): App\Controllers\Product->detail('penggaris')
#5 C:\xampp\htdocs\Wilis\vendor\codeigniter4\framework\system\CodeIgniter.php(404): CodeIgniter\CodeIgniter->runController(Object(App\Controllers\Product))
#6 C:\xampp\htdocs\Wilis\vendor\codeigniter4\framework\system\CodeIgniter.php(312): CodeIgniter\CodeIgniter->handleRequest(NULL, Object(Config\Cache), false)
#7 C:\xampp\htdocs\Wilis\public\index.php(45): CodeIgniter\CodeIgniter->run()
#8 C:\xampp\htdocs\Wilis\vendor\codeigniter4\framework\system\Commands\Server\rewrite.php(34): require_once('C:\\xampp\\htdocs...')
#9 {main}
CRITICAL - 2021-07-01 22:08:47 --> Undefined variable: items
#0 C:\xampp\htdocs\Wilis\app\Views\product\detail.php(364): CodeIgniter\Debug\Exceptions->errorHandler(8, 'Undefined varia...', 'C:\\xampp\\htdocs...', 364, Array)
#1 C:\xampp\htdocs\Wilis\vendor\codeigniter4\framework\system\View\View.php(246): include('C:\\xampp\\htdocs...')
#2 C:\xampp\htdocs\Wilis\vendor\codeigniter4\framework\system\Common.php(1119): CodeIgniter\View\View->render('product/detail', Array, true)
#3 C:\xampp\htdocs\Wilis\app\Controllers\Product.php(42): view('product/detail', Array)
#4 C:\xampp\htdocs\Wilis\vendor\codeigniter4\framework\system\CodeIgniter.php(918): App\Controllers\Product->detail('penggaris')
#5 C:\xampp\htdocs\Wilis\vendor\codeigniter4\framework\system\CodeIgniter.php(404): CodeIgniter\CodeIgniter->runController(Object(App\Controllers\Product))
#6 C:\xampp\htdocs\Wilis\vendor\codeigniter4\framework\system\CodeIgniter.php(312): CodeIgniter\CodeIgniter->handleRequest(NULL, Object(Config\Cache), false)
#7 C:\xampp\htdocs\Wilis\public\index.php(45): CodeIgniter\CodeIgniter->run()
#8 C:\xampp\htdocs\Wilis\vendor\codeigniter4\framework\system\Commands\Server\rewrite.php(34): require_once('C:\\xampp\\htdocs...')
#9 {main}
CRITICAL - 2021-07-01 22:08:52 --> Undefined variable: items
#0 C:\xampp\htdocs\Wilis\app\Views\product\detail.php(364): CodeIgniter\Debug\Exceptions->errorHandler(8, 'Undefined varia...', 'C:\\xampp\\htdocs...', 364, Array)
#1 C:\xampp\htdocs\Wilis\vendor\codeigniter4\framework\system\View\View.php(246): include('C:\\xampp\\htdocs...')
#2 C:\xampp\htdocs\Wilis\vendor\codeigniter4\framework\system\Common.php(1119): CodeIgniter\View\View->render('product/detail', Array, true)
#3 C:\xampp\htdocs\Wilis\app\Controllers\Product.php(42): view('product/detail', Array)
#4 C:\xampp\htdocs\Wilis\vendor\codeigniter4\framework\system\CodeIgniter.php(918): App\Controllers\Product->detail('penggaris')
#5 C:\xampp\htdocs\Wilis\vendor\codeigniter4\framework\system\CodeIgniter.php(404): CodeIgniter\CodeIgniter->runController(Object(App\Controllers\Product))
#6 C:\xampp\htdocs\Wilis\vendor\codeigniter4\framework\system\CodeIgniter.php(312): CodeIgniter\CodeIgniter->handleRequest(NULL, Object(Config\Cache), false)
#7 C:\xampp\htdocs\Wilis\public\index.php(45): CodeIgniter\CodeIgniter->run()
#8 C:\xampp\htdocs\Wilis\vendor\codeigniter4\framework\system\Commands\Server\rewrite.php(34): require_once('C:\\xampp\\htdocs...')
#9 {main}
CRITICAL - 2021-07-01 22:08:57 --> Undefined variable: items
#0 C:\xampp\htdocs\Wilis\app\Views\product\detail.php(364): CodeIgniter\Debug\Exceptions->errorHandler(8, 'Undefined varia...', 'C:\\xampp\\htdocs...', 364, Array)
#1 C:\xampp\htdocs\Wilis\vendor\codeigniter4\framework\system\View\View.php(246): include('C:\\xampp\\htdocs...')
#2 C:\xampp\htdocs\Wilis\vendor\codeigniter4\framework\system\Common.php(1119): CodeIgniter\View\View->render('product/detail', Array, true)
#3 C:\xampp\htdocs\Wilis\app\Controllers\Product.php(42): view('product/detail', Array)
#4 C:\xampp\htdocs\Wilis\vendor\codeigniter4\framework\system\CodeIgniter.php(918): App\Controllers\Product->detail('penggaris')
#5 C:\xampp\htdocs\Wilis\vendor\codeigniter4\framework\system\CodeIgniter.php(404): CodeIgniter\CodeIgniter->runController(Object(App\Controllers\Product))
#6 C:\xampp\htdocs\Wilis\vendor\codeigniter4\framework\system\CodeIgniter.php(312): CodeIgniter\CodeIgniter->handleRequest(NULL, Object(Config\Cache), false)
#7 C:\xampp\htdocs\Wilis\public\index.php(45): CodeIgniter\CodeIgniter->run()
#8 C:\xampp\htdocs\Wilis\vendor\codeigniter4\framework\system\Commands\Server\rewrite.php(34): require_once('C:\\xampp\\htdocs...')
#9 {main}
CRITICAL - 2021-07-01 22:09:40 --> Undefined variable: item
#0 C:\xampp\htdocs\Wilis\app\Views\product\detail.php(366): CodeIgniter\Debug\Exceptions->errorHandler(8, 'Undefined varia...', 'C:\\xampp\\htdocs...', 366, Array)
#1 C:\xampp\htdocs\Wilis\vendor\codeigniter4\framework\system\View\View.php(246): include('C:\\xampp\\htdocs...')
#2 C:\xampp\htdocs\Wilis\vendor\codeigniter4\framework\system\Common.php(1119): CodeIgniter\View\View->render('product/detail', Array, true)
#3 C:\xampp\htdocs\Wilis\app\Controllers\Product.php(42): view('product/detail', Array)
#4 C:\xampp\htdocs\Wilis\vendor\codeigniter4\framework\system\CodeIgniter.php(918): App\Controllers\Product->detail('penggaris')
#5 C:\xampp\htdocs\Wilis\vendor\codeigniter4\framework\system\CodeIgniter.php(404): CodeIgniter\CodeIgniter->runController(Object(App\Controllers\Product))
#6 C:\xampp\htdocs\Wilis\vendor\codeigniter4\framework\system\CodeIgniter.php(312): CodeIgniter\CodeIgniter->handleRequest(NULL, Object(Config\Cache), false)
#7 C:\xampp\htdocs\Wilis\public\index.php(45): CodeIgniter\CodeIgniter->run()
#8 C:\xampp\htdocs\Wilis\vendor\codeigniter4\framework\system\Commands\Server\rewrite.php(34): require_once('C:\\xampp\\htdocs...')
#9 {main}
CRITICAL - 2021-07-01 22:09:41 --> Undefined variable: item
#0 C:\xampp\htdocs\Wilis\app\Views\product\detail.php(366): CodeIgniter\Debug\Exceptions->errorHandler(8, 'Undefined varia...', 'C:\\xampp\\htdocs...', 366, Array)
#1 C:\xampp\htdocs\Wilis\vendor\codeigniter4\framework\system\View\View.php(246): include('C:\\xampp\\htdocs...')
#2 C:\xampp\htdocs\Wilis\vendor\codeigniter4\framework\system\Common.php(1119): CodeIgniter\View\View->render('product/detail', Array, true)
#3 C:\xampp\htdocs\Wilis\app\Controllers\Product.php(42): view('product/detail', Array)
#4 C:\xampp\htdocs\Wilis\vendor\codeigniter4\framework\system\CodeIgniter.php(918): App\Controllers\Product->detail('penggaris')
#5 C:\xampp\htdocs\Wilis\vendor\codeigniter4\framework\system\CodeIgniter.php(404): CodeIgniter\CodeIgniter->runController(Object(App\Controllers\Product))
#6 C:\xampp\htdocs\Wilis\vendor\codeigniter4\framework\system\CodeIgniter.php(312): CodeIgniter\CodeIgniter->handleRequest(NULL, Object(Config\Cache), false)
#7 C:\xampp\htdocs\Wilis\public\index.php(45): CodeIgniter\CodeIgniter->run()
#8 C:\xampp\htdocs\Wilis\vendor\codeigniter4\framework\system\Commands\Server\rewrite.php(34): require_once('C:\\xampp\\htdocs...')
#9 {main}
CRITICAL - 2021-07-01 22:48:34 --> Undefined variable: items
#0 C:\xampp\htdocs\Wilis\app\Views\product\detail.php(428): CodeIgniter\Debug\Exceptions->errorHandler(8, 'Undefined varia...', 'C:\\xampp\\htdocs...', 428, Array)
#1 C:\xampp\htdocs\Wilis\vendor\codeigniter4\framework\system\View\View.php(246): include('C:\\xampp\\htdocs...')
#2 C:\xampp\htdocs\Wilis\vendor\codeigniter4\framework\system\Common.php(1119): CodeIgniter\View\View->render('product/detail', Array, true)
#3 C:\xampp\htdocs\Wilis\app\Controllers\Product.php(42): view('product/detail', Array)
#4 C:\xampp\htdocs\Wilis\vendor\codeigniter4\framework\system\CodeIgniter.php(918): App\Controllers\Product->detail('penggaris')
#5 C:\xampp\htdocs\Wilis\vendor\codeigniter4\framework\system\CodeIgniter.php(404): CodeIgniter\CodeIgniter->runController(Object(App\Controllers\Product))
#6 C:\xampp\htdocs\Wilis\vendor\codeigniter4\framework\system\CodeIgniter.php(312): CodeIgniter\CodeIgniter->handleRequest(NULL, Object(Config\Cache), false)
#7 C:\xampp\htdocs\Wilis\public\index.php(45): CodeIgniter\CodeIgniter->run()
#8 C:\xampp\htdocs\Wilis\vendor\codeigniter4\framework\system\Commands\Server\rewrite.php(34): require_once('C:\\xampp\\htdocs...')
#9 {main}
CRITICAL - 2021-07-01 22:51:12 --> Undefined variable: items
#0 C:\xampp\htdocs\Wilis\app\Views\product\detail.php(428): CodeIgniter\Debug\Exceptions->errorHandler(8, 'Undefined varia...', 'C:\\xampp\\htdocs...', 428, Array)
#1 C:\xampp\htdocs\Wilis\vendor\codeigniter4\framework\system\View\View.php(246): include('C:\\xampp\\htdocs...')
#2 C:\xampp\htdocs\Wilis\vendor\codeigniter4\framework\system\Common.php(1119): CodeIgniter\View\View->render('product/detail', Array, true)
#3 C:\xampp\htdocs\Wilis\app\Controllers\Product.php(42): view('product/detail', Array)
#4 C:\xampp\htdocs\Wilis\vendor\codeigniter4\framework\system\CodeIgniter.php(918): App\Controllers\Product->detail('penggaris')
#5 C:\xampp\htdocs\Wilis\vendor\codeigniter4\framework\system\CodeIgniter.php(404): CodeIgniter\CodeIgniter->runController(Object(App\Controllers\Product))
#6 C:\xampp\htdocs\Wilis\vendor\codeigniter4\framework\system\CodeIgniter.php(312): CodeIgniter\CodeIgniter->handleRequest(NULL, Object(Config\Cache), false)
#7 C:\xampp\htdocs\Wilis\public\index.php(45): CodeIgniter\CodeIgniter->run()
#8 C:\xampp\htdocs\Wilis\vendor\codeigniter4\framework\system\Commands\Server\rewrite.php(34): require_once('C:\\xampp\\htdocs...')
#9 {main}
CRITICAL - 2021-07-01 22:51:13 --> Undefined variable: items
#0 C:\xampp\htdocs\Wilis\app\Views\product\detail.php(428): CodeIgniter\Debug\Exceptions->errorHandler(8, 'Undefined varia...', 'C:\\xampp\\htdocs...', 428, Array)
#1 C:\xampp\htdocs\Wilis\vendor\codeigniter4\framework\system\View\View.php(246): include('C:\\xampp\\htdocs...')
#2 C:\xampp\htdocs\Wilis\vendor\codeigniter4\framework\system\Common.php(1119): CodeIgniter\View\View->render('product/detail', Array, true)
#3 C:\xampp\htdocs\Wilis\app\Controllers\Product.php(42): view('product/detail', Array)
#4 C:\xampp\htdocs\Wilis\vendor\codeigniter4\framework\system\CodeIgniter.php(918): App\Controllers\Product->detail('penggaris')
#5 C:\xampp\htdocs\Wilis\vendor\codeigniter4\framework\system\CodeIgniter.php(404): CodeIgniter\CodeIgniter->runController(Object(App\Controllers\Product))
#6 C:\xampp\htdocs\Wilis\vendor\codeigniter4\framework\system\CodeIgniter.php(312): CodeIgniter\CodeIgniter->handleRequest(NULL, Object(Config\Cache), false)
#7 C:\xampp\htdocs\Wilis\public\index.php(45): CodeIgniter\CodeIgniter->run()
#8 C:\xampp\htdocs\Wilis\vendor\codeigniter4\framework\system\Commands\Server\rewrite.php(34): require_once('C:\\xampp\\htdocs...')
#9 {main}
CRITICAL - 2021-07-01 22:51:13 --> Undefined variable: items
#0 C:\xampp\htdocs\Wilis\app\Views\product\detail.php(428): CodeIgniter\Debug\Exceptions->errorHandler(8, 'Undefined varia...', 'C:\\xampp\\htdocs...', 428, Array)
#1 C:\xampp\htdocs\Wilis\vendor\codeigniter4\framework\system\View\View.php(246): include('C:\\xampp\\htdocs...')
#2 C:\xampp\htdocs\Wilis\vendor\codeigniter4\framework\system\Common.php(1119): CodeIgniter\View\View->render('product/detail', Array, true)
#3 C:\xampp\htdocs\Wilis\app\Controllers\Product.php(42): view('product/detail', Array)
#4 C:\xampp\htdocs\Wilis\vendor\codeigniter4\framework\system\CodeIgniter.php(918): App\Controllers\Product->detail('penggaris')
#5 C:\xampp\htdocs\Wilis\vendor\codeigniter4\framework\system\CodeIgniter.php(404): CodeIgniter\CodeIgniter->runController(Object(App\Controllers\Product))
#6 C:\xampp\htdocs\Wilis\vendor\codeigniter4\framework\system\CodeIgniter.php(312): CodeIgniter\CodeIgniter->handleRequest(NULL, Object(Config\Cache), false)
#7 C:\xampp\htdocs\Wilis\public\index.php(45): CodeIgniter\CodeIgniter->run()
#8 C:\xampp\htdocs\Wilis\vendor\codeigniter4\framework\system\Commands\Server\rewrite.php(34): require_once('C:\\xampp\\htdocs...')
#9 {main}
CRITICAL - 2021-07-01 22:51:14 --> Undefined variable: items
#0 C:\xampp\htdocs\Wilis\app\Views\product\detail.php(428): CodeIgniter\Debug\Exceptions->errorHandler(8, 'Undefined varia...', 'C:\\xampp\\htdocs...', 428, Array)
#1 C:\xampp\htdocs\Wilis\vendor\codeigniter4\framework\system\View\View.php(246): include('C:\\xampp\\htdocs...')
#2 C:\xampp\htdocs\Wilis\vendor\codeigniter4\framework\system\Common.php(1119): CodeIgniter\View\View->render('product/detail', Array, true)
#3 C:\xampp\htdocs\Wilis\app\Controllers\Product.php(42): view('product/detail', Array)
#4 C:\xampp\htdocs\Wilis\vendor\codeigniter4\framework\system\CodeIgniter.php(918): App\Controllers\Product->detail('penggaris')
#5 C:\xampp\htdocs\Wilis\vendor\codeigniter4\framework\system\CodeIgniter.php(404): CodeIgniter\CodeIgniter->runController(Object(App\Controllers\Product))
#6 C:\xampp\htdocs\Wilis\vendor\codeigniter4\framework\system\CodeIgniter.php(312): CodeIgniter\CodeIgniter->handleRequest(NULL, Object(Config\Cache), false)
#7 C:\xampp\htdocs\Wilis\public\index.php(45): CodeIgniter\CodeIgniter->run()
#8 C:\xampp\htdocs\Wilis\vendor\codeigniter4\framework\system\Commands\Server\rewrite.php(34): require_once('C:\\xampp\\htdocs...')
#9 {main}
CRITICAL - 2021-07-01 22:51:14 --> Undefined variable: items
#0 C:\xampp\htdocs\Wilis\app\Views\product\detail.php(428): CodeIgniter\Debug\Exceptions->errorHandler(8, 'Undefined varia...', 'C:\\xampp\\htdocs...', 428, Array)
#1 C:\xampp\htdocs\Wilis\vendor\codeigniter4\framework\system\View\View.php(246): include('C:\\xampp\\htdocs...')
#2 C:\xampp\htdocs\Wilis\vendor\codeigniter4\framework\system\Common.php(1119): CodeIgniter\View\View->render('product/detail', Array, true)
#3 C:\xampp\htdocs\Wilis\app\Controllers\Product.php(42): view('product/detail', Array)
#4 C:\xampp\htdocs\Wilis\vendor\codeigniter4\framework\system\CodeIgniter.php(918): App\Controllers\Product->detail('penggaris')
#5 C:\xampp\htdocs\Wilis\vendor\codeigniter4\framework\system\CodeIgniter.php(404): CodeIgniter\CodeIgniter->runController(Object(App\Controllers\Product))
#6 C:\xampp\htdocs\Wilis\vendor\codeigniter4\framework\system\CodeIgniter.php(312): CodeIgniter\CodeIgniter->handleRequest(NULL, Object(Config\Cache), false)
#7 C:\xampp\htdocs\Wilis\public\index.php(45): CodeIgniter\CodeIgniter->run()
#8 C:\xampp\htdocs\Wilis\vendor\codeigniter4\framework\system\Commands\Server\rewrite.php(34): require_once('C:\\xampp\\htdocs...')
#9 {main}
CRITICAL - 2021-07-01 22:51:14 --> Undefined variable: items
#0 C:\xampp\htdocs\Wilis\app\Views\product\detail.php(428): CodeIgniter\Debug\Exceptions->errorHandler(8, 'Undefined varia...', 'C:\\xampp\\htdocs...', 428, Array)
#1 C:\xampp\htdocs\Wilis\vendor\codeigniter4\framework\system\View\View.php(246): include('C:\\xampp\\htdocs...')
#2 C:\xampp\htdocs\Wilis\vendor\codeigniter4\framework\system\Common.php(1119): CodeIgniter\View\View->render('product/detail', Array, true)
#3 C:\xampp\htdocs\Wilis\app\Controllers\Product.php(42): view('product/detail', Array)
#4 C:\xampp\htdocs\Wilis\vendor\codeigniter4\framework\system\CodeIgniter.php(918): App\Controllers\Product->detail('penggaris')
#5 C:\xampp\htdocs\Wilis\vendor\codeigniter4\framework\system\CodeIgniter.php(404): CodeIgniter\CodeIgniter->runController(Object(App\Controllers\Product))
#6 C:\xampp\htdocs\Wilis\vendor\codeigniter4\framework\system\CodeIgniter.php(312): CodeIgniter\CodeIgniter->handleRequest(NULL, Object(Config\Cache), false)
#7 C:\xampp\htdocs\Wilis\public\index.php(45): CodeIgniter\CodeIgniter->run()
#8 C:\xampp\htdocs\Wilis\vendor\codeigniter4\framework\system\Commands\Server\rewrite.php(34): require_once('C:\\xampp\\htdocs...')
#9 {main}
CRITICAL - 2021-07-01 22:51:14 --> Undefined variable: items
#0 C:\xampp\htdocs\Wilis\app\Views\product\detail.php(428): CodeIgniter\Debug\Exceptions->errorHandler(8, 'Undefined varia...', 'C:\\xampp\\htdocs...', 428, Array)
#1 C:\xampp\htdocs\Wilis\vendor\codeigniter4\framework\system\View\View.php(246): include('C:\\xampp\\htdocs...')
#2 C:\xampp\htdocs\Wilis\vendor\codeigniter4\framework\system\Common.php(1119): CodeIgniter\View\View->render('product/detail', Array, true)
#3 C:\xampp\htdocs\Wilis\app\Controllers\Product.php(42): view('product/detail', Array)
#4 C:\xampp\htdocs\Wilis\vendor\codeigniter4\framework\system\CodeIgniter.php(918): App\Controllers\Product->detail('penggaris')
#5 C:\xampp\htdocs\Wilis\vendor\codeigniter4\framework\system\CodeIgniter.php(404): CodeIgniter\CodeIgniter->runController(Object(App\Controllers\Product))
#6 C:\xampp\htdocs\Wilis\vendor\codeigniter4\framework\system\CodeIgniter.php(312): CodeIgniter\CodeIgniter->handleRequest(NULL, Object(Config\Cache), false)
#7 C:\xampp\htdocs\Wilis\public\index.php(45): CodeIgniter\CodeIgniter->run()
#8 C:\xampp\htdocs\Wilis\vendor\codeigniter4\framework\system\Commands\Server\rewrite.php(34): require_once('C:\\xampp\\htdocs...')
#9 {main}
CRITICAL - 2021-07-01 22:51:14 --> Undefined variable: items
#0 C:\xampp\htdocs\Wilis\app\Views\product\detail.php(428): CodeIgniter\Debug\Exceptions->errorHandler(8, 'Undefined varia...', 'C:\\xampp\\htdocs...', 428, Array)
#1 C:\xampp\htdocs\Wilis\vendor\codeigniter4\framework\system\View\View.php(246): include('C:\\xampp\\htdocs...')
#2 C:\xampp\htdocs\Wilis\vendor\codeigniter4\framework\system\Common.php(1119): CodeIgniter\View\View->render('product/detail', Array, true)
#3 C:\xampp\htdocs\Wilis\app\Controllers\Product.php(42): view('product/detail', Array)
#4 C:\xampp\htdocs\Wilis\vendor\codeigniter4\framework\system\CodeIgniter.php(918): App\Controllers\Product->detail('penggaris')
#5 C:\xampp\htdocs\Wilis\vendor\codeigniter4\framework\system\CodeIgniter.php(404): CodeIgniter\CodeIgniter->runController(Object(App\Controllers\Product))
#6 C:\xampp\htdocs\Wilis\vendor\codeigniter4\framework\system\CodeIgniter.php(312): CodeIgniter\CodeIgniter->handleRequest(NULL, Object(Config\Cache), false)
#7 C:\xampp\htdocs\Wilis\public\index.php(45): CodeIgniter\CodeIgniter->run()
#8 C:\xampp\htdocs\Wilis\vendor\codeigniter4\framework\system\Commands\Server\rewrite.php(34): require_once('C:\\xampp\\htdocs...')
#9 {main}
CRITICAL - 2021-07-01 22:51:15 --> Undefined variable: items
#0 C:\xampp\htdocs\Wilis\app\Views\product\detail.php(428): CodeIgniter\Debug\Exceptions->errorHandler(8, 'Undefined varia...', 'C:\\xampp\\htdocs...', 428, Array)
#1 C:\xampp\htdocs\Wilis\vendor\codeigniter4\framework\system\View\View.php(246): include('C:\\xampp\\htdocs...')
#2 C:\xampp\htdocs\Wilis\vendor\codeigniter4\framework\system\Common.php(1119): CodeIgniter\View\View->render('product/detail', Array, true)
#3 C:\xampp\htdocs\Wilis\app\Controllers\Product.php(42): view('product/detail', Array)
#4 C:\xampp\htdocs\Wilis\vendor\codeigniter4\framework\system\CodeIgniter.php(918): App\Controllers\Product->detail('penggaris')
#5 C:\xampp\htdocs\Wilis\vendor\codeigniter4\framework\system\CodeIgniter.php(404): CodeIgniter\CodeIgniter->runController(Object(App\Controllers\Product))
#6 C:\xampp\htdocs\Wilis\vendor\codeigniter4\framework\system\CodeIgniter.php(312): CodeIgniter\CodeIgniter->handleRequest(NULL, Object(Config\Cache), false)
#7 C:\xampp\htdocs\Wilis\public\index.php(45): CodeIgniter\CodeIgniter->run()
#8 C:\xampp\htdocs\Wilis\vendor\codeigniter4\framework\system\Commands\Server\rewrite.php(34): require_once('C:\\xampp\\htdocs...')
#9 {main}
CRITICAL - 2021-07-01 22:51:23 --> Undefined variable: items
#0 C:\xampp\htdocs\Wilis\app\Views\product\detail.php(428): CodeIgniter\Debug\Exceptions->errorHandler(8, 'Undefined varia...', 'C:\\xampp\\htdocs...', 428, Array)
#1 C:\xampp\htdocs\Wilis\vendor\codeigniter4\framework\system\View\View.php(246): include('C:\\xampp\\htdocs...')
#2 C:\xampp\htdocs\Wilis\vendor\codeigniter4\framework\system\Common.php(1119): CodeIgniter\View\View->render('product/detail', Array, true)
#3 C:\xampp\htdocs\Wilis\app\Controllers\Product.php(42): view('product/detail', Array)
#4 C:\xampp\htdocs\Wilis\vendor\codeigniter4\framework\system\CodeIgniter.php(918): App\Controllers\Product->detail('penggaris')
#5 C:\xampp\htdocs\Wilis\vendor\codeigniter4\framework\system\CodeIgniter.php(404): CodeIgniter\CodeIgniter->runController(Object(App\Controllers\Product))
#6 C:\xampp\htdocs\Wilis\vendor\codeigniter4\framework\system\CodeIgniter.php(312): CodeIgniter\CodeIgniter->handleRequest(NULL, Object(Config\Cache), false)
#7 C:\xampp\htdocs\Wilis\public\index.php(45): CodeIgniter\CodeIgniter->run()
#8 C:\xampp\htdocs\Wilis\vendor\codeigniter4\framework\system\Commands\Server\rewrite.php(34): require_once('C:\\xampp\\htdocs...')
#9 {main}
CRITICAL - 2021-07-01 22:51:24 --> Undefined variable: items
#0 C:\xampp\htdocs\Wilis\app\Views\product\detail.php(428): CodeIgniter\Debug\Exceptions->errorHandler(8, 'Undefined varia...', 'C:\\xampp\\htdocs...', 428, Array)
#1 C:\xampp\htdocs\Wilis\vendor\codeigniter4\framework\system\View\View.php(246): include('C:\\xampp\\htdocs...')
#2 C:\xampp\htdocs\Wilis\vendor\codeigniter4\framework\system\Common.php(1119): CodeIgniter\View\View->render('product/detail', Array, true)
#3 C:\xampp\htdocs\Wilis\app\Controllers\Product.php(42): view('product/detail', Array)
#4 C:\xampp\htdocs\Wilis\vendor\codeigniter4\framework\system\CodeIgniter.php(918): App\Controllers\Product->detail('penggaris')
#5 C:\xampp\htdocs\Wilis\vendor\codeigniter4\framework\system\CodeIgniter.php(404): CodeIgniter\CodeIgniter->runController(Object(App\Controllers\Product))
#6 C:\xampp\htdocs\Wilis\vendor\codeigniter4\framework\system\CodeIgniter.php(312): CodeIgniter\CodeIgniter->handleRequest(NULL, Object(Config\Cache), false)
#7 C:\xampp\htdocs\Wilis\public\index.php(45): CodeIgniter\CodeIgniter->run()
#8 C:\xampp\htdocs\Wilis\vendor\codeigniter4\framework\system\Commands\Server\rewrite.php(34): require_once('C:\\xampp\\htdocs...')
#9 {main}
CRITICAL - 2021-07-01 22:51:24 --> Undefined variable: items
#0 C:\xampp\htdocs\Wilis\app\Views\product\detail.php(428): CodeIgniter\Debug\Exceptions->errorHandler(8, 'Undefined varia...', 'C:\\xampp\\htdocs...', 428, Array)
#1 C:\xampp\htdocs\Wilis\vendor\codeigniter4\framework\system\View\View.php(246): include('C:\\xampp\\htdocs...')
#2 C:\xampp\htdocs\Wilis\vendor\codeigniter4\framework\system\Common.php(1119): CodeIgniter\View\View->render('product/detail', Array, true)
#3 C:\xampp\htdocs\Wilis\app\Controllers\Product.php(42): view('product/detail', Array)
#4 C:\xampp\htdocs\Wilis\vendor\codeigniter4\framework\system\CodeIgniter.php(918): App\Controllers\Product->detail('penggaris')
#5 C:\xampp\htdocs\Wilis\vendor\codeigniter4\framework\system\CodeIgniter.php(404): CodeIgniter\CodeIgniter->runController(Object(App\Controllers\Product))
#6 C:\xampp\htdocs\Wilis\vendor\codeigniter4\framework\system\CodeIgniter.php(312): CodeIgniter\CodeIgniter->handleRequest(NULL, Object(Config\Cache), false)
#7 C:\xampp\htdocs\Wilis\public\index.php(45): CodeIgniter\CodeIgniter->run()
#8 C:\xampp\htdocs\Wilis\vendor\codeigniter4\framework\system\Commands\Server\rewrite.php(34): require_once('C:\\xampp\\htdocs...')
#9 {main}
CRITICAL - 2021-07-01 22:51:24 --> Undefined variable: items
#0 C:\xampp\htdocs\Wilis\app\Views\product\detail.php(428): CodeIgniter\Debug\Exceptions->errorHandler(8, 'Undefined varia...', 'C:\\xampp\\htdocs...', 428, Array)
#1 C:\xampp\htdocs\Wilis\vendor\codeigniter4\framework\system\View\View.php(246): include('C:\\xampp\\htdocs...')
#2 C:\xampp\htdocs\Wilis\vendor\codeigniter4\framework\system\Common.php(1119): CodeIgniter\View\View->render('product/detail', Array, true)
#3 C:\xampp\htdocs\Wilis\app\Controllers\Product.php(42): view('product/detail', Array)
#4 C:\xampp\htdocs\Wilis\vendor\codeigniter4\framework\system\CodeIgniter.php(918): App\Controllers\Product->detail('penggaris')
#5 C:\xampp\htdocs\Wilis\vendor\codeigniter4\framework\system\CodeIgniter.php(404): CodeIgniter\CodeIgniter->runController(Object(App\Controllers\Product))
#6 C:\xampp\htdocs\Wilis\vendor\codeigniter4\framework\system\CodeIgniter.php(312): CodeIgniter\CodeIgniter->handleRequest(NULL, Object(Config\Cache), false)
#7 C:\xampp\htdocs\Wilis\public\index.php(45): CodeIgniter\CodeIgniter->run()
#8 C:\xampp\htdocs\Wilis\vendor\codeigniter4\framework\system\Commands\Server\rewrite.php(34): require_once('C:\\xampp\\htdocs...')
#9 {main}
CRITICAL - 2021-07-01 22:51:24 --> Undefined variable: items
#0 C:\xampp\htdocs\Wilis\app\Views\product\detail.php(428): CodeIgniter\Debug\Exceptions->errorHandler(8, 'Undefined varia...', 'C:\\xampp\\htdocs...', 428, Array)
#1 C:\xampp\htdocs\Wilis\vendor\codeigniter4\framework\system\View\View.php(246): include('C:\\xampp\\htdocs...')
#2 C:\xampp\htdocs\Wilis\vendor\codeigniter4\framework\system\Common.php(1119): CodeIgniter\View\View->render('product/detail', Array, true)
#3 C:\xampp\htdocs\Wilis\app\Controllers\Product.php(42): view('product/detail', Array)
#4 C:\xampp\htdocs\Wilis\vendor\codeigniter4\framework\system\CodeIgniter.php(918): App\Controllers\Product->detail('penggaris')
#5 C:\xampp\htdocs\Wilis\vendor\codeigniter4\framework\system\CodeIgniter.php(404): CodeIgniter\CodeIgniter->runController(Object(App\Controllers\Product))
#6 C:\xampp\htdocs\Wilis\vendor\codeigniter4\framework\system\CodeIgniter.php(312): CodeIgniter\CodeIgniter->handleRequest(NULL, Object(Config\Cache), false)
#7 C:\xampp\htdocs\Wilis\public\index.php(45): CodeIgniter\CodeIgniter->run()
#8 C:\xampp\htdocs\Wilis\vendor\codeigniter4\framework\system\Commands\Server\rewrite.php(34): require_once('C:\\xampp\\htdocs...')
#9 {main}
CRITICAL - 2021-07-01 22:51:25 --> Undefined variable: items
#0 C:\xampp\htdocs\Wilis\app\Views\product\detail.php(428): CodeIgniter\Debug\Exceptions->errorHandler(8, 'Undefined varia...', 'C:\\xampp\\htdocs...', 428, Array)
#1 C:\xampp\htdocs\Wilis\vendor\codeigniter4\framework\system\View\View.php(246): include('C:\\xampp\\htdocs...')
#2 C:\xampp\htdocs\Wilis\vendor\codeigniter4\framework\system\Common.php(1119): CodeIgniter\View\View->render('product/detail', Array, true)
#3 C:\xampp\htdocs\Wilis\app\Controllers\Product.php(42): view('product/detail', Array)
#4 C:\xampp\htdocs\Wilis\vendor\codeigniter4\framework\system\CodeIgniter.php(918): App\Controllers\Product->detail('penggaris')
#5 C:\xampp\htdocs\Wilis\vendor\codeigniter4\framework\system\CodeIgniter.php(404): CodeIgniter\CodeIgniter->runController(Object(App\Controllers\Product))
#6 C:\xampp\htdocs\Wilis\vendor\codeigniter4\framework\system\CodeIgniter.php(312): CodeIgniter\CodeIgniter->handleRequest(NULL, Object(Config\Cache), false)
#7 C:\xampp\htdocs\Wilis\public\index.php(45): CodeIgniter\CodeIgniter->run()
#8 C:\xampp\htdocs\Wilis\vendor\codeigniter4\framework\system\Commands\Server\rewrite.php(34): require_once('C:\\xampp\\htdocs...')
#9 {main}
CRITICAL - 2021-07-01 22:51:25 --> Undefined variable: items
#0 C:\xampp\htdocs\Wilis\app\Views\product\detail.php(428): CodeIgniter\Debug\Exceptions->errorHandler(8, 'Undefined varia...', 'C:\\xampp\\htdocs...', 428, Array)
#1 C:\xampp\htdocs\Wilis\vendor\codeigniter4\framework\system\View\View.php(246): include('C:\\xampp\\htdocs...')
#2 C:\xampp\htdocs\Wilis\vendor\codeigniter4\framework\system\Common.php(1119): CodeIgniter\View\View->render('product/detail', Array, true)
#3 C:\xampp\htdocs\Wilis\app\Controllers\Product.php(42): view('product/detail', Array)
#4 C:\xampp\htdocs\Wilis\vendor\codeigniter4\framework\system\CodeIgniter.php(918): App\Controllers\Product->detail('penggaris')
#5 C:\xampp\htdocs\Wilis\vendor\codeigniter4\framework\system\CodeIgniter.php(404): CodeIgniter\CodeIgniter->runController(Object(App\Controllers\Product))
#6 C:\xampp\htdocs\Wilis\vendor\codeigniter4\framework\system\CodeIgniter.php(312): CodeIgniter\CodeIgniter->handleRequest(NULL, Object(Config\Cache), false)
#7 C:\xampp\htdocs\Wilis\public\index.php(45): CodeIgniter\CodeIgniter->run()
#8 C:\xampp\htdocs\Wilis\vendor\codeigniter4\framework\system\Commands\Server\rewrite.php(34): require_once('C:\\xampp\\htdocs...')
#9 {main}
CRITICAL - 2021-07-01 22:51:25 --> Undefined variable: items
#0 C:\xampp\htdocs\Wilis\app\Views\product\detail.php(428): CodeIgniter\Debug\Exceptions->errorHandler(8, 'Undefined varia...', 'C:\\xampp\\htdocs...', 428, Array)
#1 C:\xampp\htdocs\Wilis\vendor\codeigniter4\framework\system\View\View.php(246): include('C:\\xampp\\htdocs...')
#2 C:\xampp\htdocs\Wilis\vendor\codeigniter4\framework\system\Common.php(1119): CodeIgniter\View\View->render('product/detail', Array, true)
#3 C:\xampp\htdocs\Wilis\app\Controllers\Product.php(42): view('product/detail', Array)
#4 C:\xampp\htdocs\Wilis\vendor\codeigniter4\framework\system\CodeIgniter.php(918): App\Controllers\Product->detail('penggaris')
#5 C:\xampp\htdocs\Wilis\vendor\codeigniter4\framework\system\CodeIgniter.php(404): CodeIgniter\CodeIgniter->runController(Object(App\Controllers\Product))
#6 C:\xampp\htdocs\Wilis\vendor\codeigniter4\framework\system\CodeIgniter.php(312): CodeIgniter\CodeIgniter->handleRequest(NULL, Object(Config\Cache), false)
#7 C:\xampp\htdocs\Wilis\public\index.php(45): CodeIgniter\CodeIgniter->run()
#8 C:\xampp\htdocs\Wilis\vendor\codeigniter4\framework\system\Commands\Server\rewrite.php(34): require_once('C:\\xampp\\htdocs...')
#9 {main}
CRITICAL - 2021-07-01 22:51:25 --> Undefined variable: items
#0 C:\xampp\htdocs\Wilis\app\Views\product\detail.php(428): CodeIgniter\Debug\Exceptions->errorHandler(8, 'Undefined varia...', 'C:\\xampp\\htdocs...', 428, Array)
#1 C:\xampp\htdocs\Wilis\vendor\codeigniter4\framework\system\View\View.php(246): include('C:\\xampp\\htdocs...')
#2 C:\xampp\htdocs\Wilis\vendor\codeigniter4\framework\system\Common.php(1119): CodeIgniter\View\View->render('product/detail', Array, true)
#3 C:\xampp\htdocs\Wilis\app\Controllers\Product.php(42): view('product/detail', Array)
#4 C:\xampp\htdocs\Wilis\vendor\codeigniter4\framework\system\CodeIgniter.php(918): App\Controllers\Product->detail('penggaris')
#5 C:\xampp\htdocs\Wilis\vendor\codeigniter4\framework\system\CodeIgniter.php(404): CodeIgniter\CodeIgniter->runController(Object(App\Controllers\Product))
#6 C:\xampp\htdocs\Wilis\vendor\codeigniter4\framework\system\CodeIgniter.php(312): CodeIgniter\CodeIgniter->handleRequest(NULL, Object(Config\Cache), false)
#7 C:\xampp\htdocs\Wilis\public\index.php(45): CodeIgniter\CodeIgniter->run()
#8 C:\xampp\htdocs\Wilis\vendor\codeigniter4\framework\system\Commands\Server\rewrite.php(34): require_once('C:\\xampp\\htdocs...')
#9 {main}
CRITICAL - 2021-07-01 22:51:25 --> Undefined variable: items
#0 C:\xampp\htdocs\Wilis\app\Views\product\detail.php(428): CodeIgniter\Debug\Exceptions->errorHandler(8, 'Undefined varia...', 'C:\\xampp\\htdocs...', 428, Array)
#1 C:\xampp\htdocs\Wilis\vendor\codeigniter4\framework\system\View\View.php(246): include('C:\\xampp\\htdocs...')
#2 C:\xampp\htdocs\Wilis\vendor\codeigniter4\framework\system\Common.php(1119): CodeIgniter\View\View->render('product/detail', Array, true)
#3 C:\xampp\htdocs\Wilis\app\Controllers\Product.php(42): view('product/detail', Array)
#4 C:\xampp\htdocs\Wilis\vendor\codeigniter4\framework\system\CodeIgniter.php(918): App\Controllers\Product->detail('penggaris')
#5 C:\xampp\htdocs\Wilis\vendor\codeigniter4\framework\system\CodeIgniter.php(404): CodeIgniter\CodeIgniter->runController(Object(App\Controllers\Product))
#6 C:\xampp\htdocs\Wilis\vendor\codeigniter4\framework\system\CodeIgniter.php(312): CodeIgniter\CodeIgniter->handleRequest(NULL, Object(Config\Cache), false)
#7 C:\xampp\htdocs\Wilis\public\index.php(45): CodeIgniter\CodeIgniter->run()
#8 C:\xampp\htdocs\Wilis\vendor\codeigniter4\framework\system\Commands\Server\rewrite.php(34): require_once('C:\\xampp\\htdocs...')
#9 {main}
CRITICAL - 2021-07-01 22:51:26 --> Undefined variable: items
#0 C:\xampp\htdocs\Wilis\app\Views\product\detail.php(428): CodeIgniter\Debug\Exceptions->errorHandler(8, 'Undefined varia...', 'C:\\xampp\\htdocs...', 428, Array)
#1 C:\xampp\htdocs\Wilis\vendor\codeigniter4\framework\system\View\View.php(246): include('C:\\xampp\\htdocs...')
#2 C:\xampp\htdocs\Wilis\vendor\codeigniter4\framework\system\Common.php(1119): CodeIgniter\View\View->render('product/detail', Array, true)
#3 C:\xampp\htdocs\Wilis\app\Controllers\Product.php(42): view('product/detail', Array)
#4 C:\xampp\htdocs\Wilis\vendor\codeigniter4\framework\system\CodeIgniter.php(918): App\Controllers\Product->detail('penggaris')
#5 C:\xampp\htdocs\Wilis\vendor\codeigniter4\framework\system\CodeIgniter.php(404): CodeIgniter\CodeIgniter->runController(Object(App\Controllers\Product))
#6 C:\xampp\htdocs\Wilis\vendor\codeigniter4\framework\system\CodeIgniter.php(312): CodeIgniter\CodeIgniter->handleRequest(NULL, Object(Config\Cache), false)
#7 C:\xampp\htdocs\Wilis\public\index.php(45): CodeIgniter\CodeIgniter->run()
#8 C:\xampp\htdocs\Wilis\vendor\codeigniter4\framework\system\Commands\Server\rewrite.php(34): require_once('C:\\xampp\\htdocs...')
#9 {main}
CRITICAL - 2021-07-01 22:51:39 --> Undefined variable: items
#0 C:\xampp\htdocs\Wilis\app\Views\product\detail.php(428): CodeIgniter\Debug\Exceptions->errorHandler(8, 'Undefined varia...', 'C:\\xampp\\htdocs...', 428, Array)
#1 C:\xampp\htdocs\Wilis\vendor\codeigniter4\framework\system\View\View.php(246): include('C:\\xampp\\htdocs...')
#2 C:\xampp\htdocs\Wilis\vendor\codeigniter4\framework\system\Common.php(1119): CodeIgniter\View\View->render('product/detail', Array, true)
#3 C:\xampp\htdocs\Wilis\app\Controllers\Product.php(42): view('product/detail', Array)
#4 C:\xampp\htdocs\Wilis\vendor\codeigniter4\framework\system\CodeIgniter.php(918): App\Controllers\Product->detail('penggaris')
#5 C:\xampp\htdocs\Wilis\vendor\codeigniter4\framework\system\CodeIgniter.php(404): CodeIgniter\CodeIgniter->runController(Object(App\Controllers\Product))
#6 C:\xampp\htdocs\Wilis\vendor\codeigniter4\framework\system\CodeIgniter.php(312): CodeIgniter\CodeIgniter->handleRequest(NULL, Object(Config\Cache), false)
#7 C:\xampp\htdocs\Wilis\public\index.php(45): CodeIgniter\CodeIgniter->run()
#8 C:\xampp\htdocs\Wilis\vendor\codeigniter4\framework\system\Commands\Server\rewrite.php(34): require_once('C:\\xampp\\htdocs...')
#9 {main}
CRITICAL - 2021-07-01 22:51:40 --> Undefined variable: items
#0 C:\xampp\htdocs\Wilis\app\Views\product\detail.php(428): CodeIgniter\Debug\Exceptions->errorHandler(8, 'Undefined varia...', 'C:\\xampp\\htdocs...', 428, Array)
#1 C:\xampp\htdocs\Wilis\vendor\codeigniter4\framework\system\View\View.php(246): include('C:\\xampp\\htdocs...')
#2 C:\xampp\htdocs\Wilis\vendor\codeigniter4\framework\system\Common.php(1119): CodeIgniter\View\View->render('product/detail', Array, true)
#3 C:\xampp\htdocs\Wilis\app\Controllers\Product.php(42): view('product/detail', Array)
#4 C:\xampp\htdocs\Wilis\vendor\codeigniter4\framework\system\CodeIgniter.php(918): App\Controllers\Product->detail('penggaris')
#5 C:\xampp\htdocs\Wilis\vendor\codeigniter4\framework\system\CodeIgniter.php(404): CodeIgniter\CodeIgniter->runController(Object(App\Controllers\Product))
#6 C:\xampp\htdocs\Wilis\vendor\codeigniter4\framework\system\CodeIgniter.php(312): CodeIgniter\CodeIgniter->handleRequest(NULL, Object(Config\Cache), false)
#7 C:\xampp\htdocs\Wilis\public\index.php(45): CodeIgniter\CodeIgniter->run()
#8 C:\xampp\htdocs\Wilis\vendor\codeigniter4\framework\system\Commands\Server\rewrite.php(34): require_once('C:\\xampp\\htdocs...')
#9 {main}
CRITICAL - 2021-07-01 22:51:40 --> Undefined variable: items
#0 C:\xampp\htdocs\Wilis\app\Views\product\detail.php(428): CodeIgniter\Debug\Exceptions->errorHandler(8, 'Undefined varia...', 'C:\\xampp\\htdocs...', 428, Array)
#1 C:\xampp\htdocs\Wilis\vendor\codeigniter4\framework\system\View\View.php(246): include('C:\\xampp\\htdocs...')
#2 C:\xampp\htdocs\Wilis\vendor\codeigniter4\framework\system\Common.php(1119): CodeIgniter\View\View->render('product/detail', Array, true)
#3 C:\xampp\htdocs\Wilis\app\Controllers\Product.php(42): view('product/detail', Array)
#4 C:\xampp\htdocs\Wilis\vendor\codeigniter4\framework\system\CodeIgniter.php(918): App\Controllers\Product->detail('penggaris')
#5 C:\xampp\htdocs\Wilis\vendor\codeigniter4\framework\system\CodeIgniter.php(404): CodeIgniter\CodeIgniter->runController(Object(App\Controllers\Product))
#6 C:\xampp\htdocs\Wilis\vendor\codeigniter4\framework\system\CodeIgniter.php(312): CodeIgniter\CodeIgniter->handleRequest(NULL, Object(Config\Cache), false)
#7 C:\xampp\htdocs\Wilis\public\index.php(45): CodeIgniter\CodeIgniter->run()
#8 C:\xampp\htdocs\Wilis\vendor\codeigniter4\framework\system\Commands\Server\rewrite.php(34): require_once('C:\\xampp\\htdocs...')
#9 {main}
CRITICAL - 2021-07-01 22:51:41 --> Undefined variable: items
#0 C:\xampp\htdocs\Wilis\app\Views\product\detail.php(428): CodeIgniter\Debug\Exceptions->errorHandler(8, 'Undefined varia...', 'C:\\xampp\\htdocs...', 428, Array)
#1 C:\xampp\htdocs\Wilis\vendor\codeigniter4\framework\system\View\View.php(246): include('C:\\xampp\\htdocs...')
#2 C:\xampp\htdocs\Wilis\vendor\codeigniter4\framework\system\Common.php(1119): CodeIgniter\View\View->render('product/detail', Array, true)
#3 C:\xampp\htdocs\Wilis\app\Controllers\Product.php(42): view('product/detail', Array)
#4 C:\xampp\htdocs\Wilis\vendor\codeigniter4\framework\system\CodeIgniter.php(918): App\Controllers\Product->detail('penggaris')
#5 C:\xampp\htdocs\Wilis\vendor\codeigniter4\framework\system\CodeIgniter.php(404): CodeIgniter\CodeIgniter->runController(Object(App\Controllers\Product))
#6 C:\xampp\htdocs\Wilis\vendor\codeigniter4\framework\system\CodeIgniter.php(312): CodeIgniter\CodeIgniter->handleRequest(NULL, Object(Config\Cache), false)
#7 C:\xampp\htdocs\Wilis\public\index.php(45): CodeIgniter\CodeIgniter->run()
#8 C:\xampp\htdocs\Wilis\vendor\codeigniter4\framework\system\Commands\Server\rewrite.php(34): require_once('C:\\xampp\\htdocs...')
#9 {main}
CRITICAL - 2021-07-01 22:51:41 --> Undefined variable: items
#0 C:\xampp\htdocs\Wilis\app\Views\product\detail.php(428): CodeIgniter\Debug\Exceptions->errorHandler(8, 'Undefined varia...', 'C:\\xampp\\htdocs...', 428, Array)
#1 C:\xampp\htdocs\Wilis\vendor\codeigniter4\framework\system\View\View.php(246): include('C:\\xampp\\htdocs...')
#2 C:\xampp\htdocs\Wilis\vendor\codeigniter4\framework\system\Common.php(1119): CodeIgniter\View\View->render('product/detail', Array, true)
#3 C:\xampp\htdocs\Wilis\app\Controllers\Product.php(42): view('product/detail', Array)
#4 C:\xampp\htdocs\Wilis\vendor\codeigniter4\framework\system\CodeIgniter.php(918): App\Controllers\Product->detail('penggaris')
#5 C:\xampp\htdocs\Wilis\vendor\codeigniter4\framework\system\CodeIgniter.php(404): CodeIgniter\CodeIgniter->runController(Object(App\Controllers\Product))
#6 C:\xampp\htdocs\Wilis\vendor\codeigniter4\framework\system\CodeIgniter.php(312): CodeIgniter\CodeIgniter->handleRequest(NULL, Object(Config\Cache), false)
#7 C:\xampp\htdocs\Wilis\public\index.php(45): CodeIgniter\CodeIgniter->run()
#8 C:\xampp\htdocs\Wilis\vendor\codeigniter4\framework\system\Commands\Server\rewrite.php(34): require_once('C:\\xampp\\htdocs...')
#9 {main}
CRITICAL - 2021-07-01 22:51:41 --> Undefined variable: items
#0 C:\xampp\htdocs\Wilis\app\Views\product\detail.php(428): CodeIgniter\Debug\Exceptions->errorHandler(8, 'Undefined varia...', 'C:\\xampp\\htdocs...', 428, Array)
#1 C:\xampp\htdocs\Wilis\vendor\codeigniter4\framework\system\View\View.php(246): include('C:\\xampp\\htdocs...')
#2 C:\xampp\htdocs\Wilis\vendor\codeigniter4\framework\system\Common.php(1119): CodeIgniter\View\View->render('product/detail', Array, true)
#3 C:\xampp\htdocs\Wilis\app\Controllers\Product.php(42): view('product/detail', Array)
#4 C:\xampp\htdocs\Wilis\vendor\codeigniter4\framework\system\CodeIgniter.php(918): App\Controllers\Product->detail('penggaris')
#5 C:\xampp\htdocs\Wilis\vendor\codeigniter4\framework\system\CodeIgniter.php(404): CodeIgniter\CodeIgniter->runController(Object(App\Controllers\Product))
#6 C:\xampp\htdocs\Wilis\vendor\codeigniter4\framework\system\CodeIgniter.php(312): CodeIgniter\CodeIgniter->handleRequest(NULL, Object(Config\Cache), false)
#7 C:\xampp\htdocs\Wilis\public\index.php(45): CodeIgniter\CodeIgniter->run()
#8 C:\xampp\htdocs\Wilis\vendor\codeigniter4\framework\system\Commands\Server\rewrite.php(34): require_once('C:\\xampp\\htdocs...')
#9 {main}
CRITICAL - 2021-07-01 22:51:41 --> Undefined variable: items
#0 C:\xampp\htdocs\Wilis\app\Views\product\detail.php(428): CodeIgniter\Debug\Exceptions->errorHandler(8, 'Undefined varia...', 'C:\\xampp\\htdocs...', 428, Array)
#1 C:\xampp\htdocs\Wilis\vendor\codeigniter4\framework\system\View\View.php(246): include('C:\\xampp\\htdocs...')
#2 C:\xampp\htdocs\Wilis\vendor\codeigniter4\framework\system\Common.php(1119): CodeIgniter\View\View->render('product/detail', Array, true)
#3 C:\xampp\htdocs\Wilis\app\Controllers\Product.php(42): view('product/detail', Array)
#4 C:\xampp\htdocs\Wilis\vendor\codeigniter4\framework\system\CodeIgniter.php(918): App\Controllers\Product->detail('penggaris')
#5 C:\xampp\htdocs\Wilis\vendor\codeigniter4\framework\system\CodeIgniter.php(404): CodeIgniter\CodeIgniter->runController(Object(App\Controllers\Product))
#6 C:\xampp\htdocs\Wilis\vendor\codeigniter4\framework\system\CodeIgniter.php(312): CodeIgniter\CodeIgniter->handleRequest(NULL, Object(Config\Cache), false)
#7 C:\xampp\htdocs\Wilis\public\index.php(45): CodeIgniter\CodeIgniter->run()
#8 C:\xampp\htdocs\Wilis\vendor\codeigniter4\framework\system\Commands\Server\rewrite.php(34): require_once('C:\\xampp\\htdocs...')
#9 {main}
CRITICAL - 2021-07-01 22:51:42 --> Undefined variable: items
#0 C:\xampp\htdocs\Wilis\app\Views\product\detail.php(428): CodeIgniter\Debug\Exceptions->errorHandler(8, 'Undefined varia...', 'C:\\xampp\\htdocs...', 428, Array)
#1 C:\xampp\htdocs\Wilis\vendor\codeigniter4\framework\system\View\View.php(246): include('C:\\xampp\\htdocs...')
#2 C:\xampp\htdocs\Wilis\vendor\codeigniter4\framework\system\Common.php(1119): CodeIgniter\View\View->render('product/detail', Array, true)
#3 C:\xampp\htdocs\Wilis\app\Controllers\Product.php(42): view('product/detail', Array)
#4 C:\xampp\htdocs\Wilis\vendor\codeigniter4\framework\system\CodeIgniter.php(918): App\Controllers\Product->detail('penggaris')
#5 C:\xampp\htdocs\Wilis\vendor\codeigniter4\framework\system\CodeIgniter.php(404): CodeIgniter\CodeIgniter->runController(Object(App\Controllers\Product))
#6 C:\xampp\htdocs\Wilis\vendor\codeigniter4\framework\system\CodeIgniter.php(312): CodeIgniter\CodeIgniter->handleRequest(NULL, Object(Config\Cache), false)
#7 C:\xampp\htdocs\Wilis\public\index.php(45): CodeIgniter\CodeIgniter->run()
#8 C:\xampp\htdocs\Wilis\vendor\codeigniter4\framework\system\Commands\Server\rewrite.php(34): require_once('C:\\xampp\\htdocs...')
#9 {main}
CRITICAL - 2021-07-01 22:51:42 --> Undefined variable: items
#0 C:\xampp\htdocs\Wilis\app\Views\product\detail.php(428): CodeIgniter\Debug\Exceptions->errorHandler(8, 'Undefined varia...', 'C:\\xampp\\htdocs...', 428, Array)
#1 C:\xampp\htdocs\Wilis\vendor\codeigniter4\framework\system\View\View.php(246): include('C:\\xampp\\htdocs...')
#2 C:\xampp\htdocs\Wilis\vendor\codeigniter4\framework\system\Common.php(1119): CodeIgniter\View\View->render('product/detail', Array, true)
#3 C:\xampp\htdocs\Wilis\app\Controllers\Product.php(42): view('product/detail', Array)
#4 C:\xampp\htdocs\Wilis\vendor\codeigniter4\framework\system\CodeIgniter.php(918): App\Controllers\Product->detail('penggaris')
#5 C:\xampp\htdocs\Wilis\vendor\codeigniter4\framework\system\CodeIgniter.php(404): CodeIgniter\CodeIgniter->runController(Object(App\Controllers\Product))
#6 C:\xampp\htdocs\Wilis\vendor\codeigniter4\framework\system\CodeIgniter.php(312): CodeIgniter\CodeIgniter->handleRequest(NULL, Object(Config\Cache), false)
#7 C:\xampp\htdocs\Wilis\public\index.php(45): CodeIgniter\CodeIgniter->run()
#8 C:\xampp\htdocs\Wilis\vendor\codeigniter4\framework\system\Commands\Server\rewrite.php(34): require_once('C:\\xampp\\htdocs...')
#9 {main}
CRITICAL - 2021-07-01 22:51:42 --> Undefined variable: items
#0 C:\xampp\htdocs\Wilis\app\Views\product\detail.php(428): CodeIgniter\Debug\Exceptions->errorHandler(8, 'Undefined varia...', 'C:\\xampp\\htdocs...', 428, Array)
#1 C:\xampp\htdocs\Wilis\vendor\codeigniter4\framework\system\View\View.php(246): include('C:\\xampp\\htdocs...')
#2 C:\xampp\htdocs\Wilis\vendor\codeigniter4\framework\system\Common.php(1119): CodeIgniter\View\View->render('product/detail', Array, true)
#3 C:\xampp\htdocs\Wilis\app\Controllers\Product.php(42): view('product/detail', Array)
#4 C:\xampp\htdocs\Wilis\vendor\codeigniter4\framework\system\CodeIgniter.php(918): App\Controllers\Product->detail('penggaris')
#5 C:\xampp\htdocs\Wilis\vendor\codeigniter4\framework\system\CodeIgniter.php(404): CodeIgniter\CodeIgniter->runController(Object(App\Controllers\Product))
#6 C:\xampp\htdocs\Wilis\vendor\codeigniter4\framework\system\CodeIgniter.php(312): CodeIgniter\CodeIgniter->handleRequest(NULL, Object(Config\Cache), false)
#7 C:\xampp\htdocs\Wilis\public\index.php(45): CodeIgniter\CodeIgniter->run()
#8 C:\xampp\htdocs\Wilis\vendor\codeigniter4\framework\system\Commands\Server\rewrite.php(34): require_once('C:\\xampp\\htdocs...')
#9 {main}
CRITICAL - 2021-07-01 22:51:45 --> Undefined variable: items
#0 C:\xampp\htdocs\Wilis\app\Views\product\detail.php(428): CodeIgniter\Debug\Exceptions->errorHandler(8, 'Undefined varia...', 'C:\\xampp\\htdocs...', 428, Array)
#1 C:\xampp\htdocs\Wilis\vendor\codeigniter4\framework\system\View\View.php(246): include('C:\\xampp\\htdocs...')
#2 C:\xampp\htdocs\Wilis\vendor\codeigniter4\framework\system\Common.php(1119): CodeIgniter\View\View->render('product/detail', Array, true)
#3 C:\xampp\htdocs\Wilis\app\Controllers\Product.php(42): view('product/detail', Array)
#4 C:\xampp\htdocs\Wilis\vendor\codeigniter4\framework\system\CodeIgniter.php(918): App\Controllers\Product->detail('penggaris')
#5 C:\xampp\htdocs\Wilis\vendor\codeigniter4\framework\system\CodeIgniter.php(404): CodeIgniter\CodeIgniter->runController(Object(App\Controllers\Product))
#6 C:\xampp\htdocs\Wilis\vendor\codeigniter4\framework\system\CodeIgniter.php(312): CodeIgniter\CodeIgniter->handleRequest(NULL, Object(Config\Cache), false)
#7 C:\xampp\htdocs\Wilis\public\index.php(45): CodeIgniter\CodeIgniter->run()
#8 C:\xampp\htdocs\Wilis\vendor\codeigniter4\framework\system\Commands\Server\rewrite.php(34): require_once('C:\\xampp\\htdocs...')
#9 {main}
CRITICAL - 2021-07-01 22:52:12 --> Undefined variable: items
#0 C:\xampp\htdocs\Wilis\app\Views\product\detail.php(428): CodeIgniter\Debug\Exceptions->errorHandler(8, 'Undefined varia...', 'C:\\xampp\\htdocs...', 428, Array)
#1 C:\xampp\htdocs\Wilis\vendor\codeigniter4\framework\system\View\View.php(246): include('C:\\xampp\\htdocs...')
#2 C:\xampp\htdocs\Wilis\vendor\codeigniter4\framework\system\Common.php(1119): CodeIgniter\View\View->render('product/detail', Array, true)
#3 C:\xampp\htdocs\Wilis\app\Controllers\Product.php(42): view('product/detail', Array)
#4 C:\xampp\htdocs\Wilis\vendor\codeigniter4\framework\system\CodeIgniter.php(918): App\Controllers\Product->detail('penggaris')
#5 C:\xampp\htdocs\Wilis\vendor\codeigniter4\framework\system\CodeIgniter.php(404): CodeIgniter\CodeIgniter->runController(Object(App\Controllers\Product))
#6 C:\xampp\htdocs\Wilis\vendor\codeigniter4\framework\system\CodeIgniter.php(312): CodeIgniter\CodeIgniter->handleRequest(NULL, Object(Config\Cache), false)
#7 C:\xampp\htdocs\Wilis\public\index.php(45): CodeIgniter\CodeIgniter->run()
#8 C:\xampp\htdocs\Wilis\vendor\codeigniter4\framework\system\Commands\Server\rewrite.php(34): require_once('C:\\xampp\\htdocs...')
#9 {main}
CRITICAL - 2021-07-01 22:52:13 --> Undefined variable: items
#0 C:\xampp\htdocs\Wilis\app\Views\product\detail.php(428): CodeIgniter\Debug\Exceptions->errorHandler(8, 'Undefined varia...', 'C:\\xampp\\htdocs...', 428, Array)
#1 C:\xampp\htdocs\Wilis\vendor\codeigniter4\framework\system\View\View.php(246): include('C:\\xampp\\htdocs...')
#2 C:\xampp\htdocs\Wilis\vendor\codeigniter4\framework\system\Common.php(1119): CodeIgniter\View\View->render('product/detail', Array, true)
#3 C:\xampp\htdocs\Wilis\app\Controllers\Product.php(42): view('product/detail', Array)
#4 C:\xampp\htdocs\Wilis\vendor\codeigniter4\framework\system\CodeIgniter.php(918): App\Controllers\Product->detail('penggaris')
#5 C:\xampp\htdocs\Wilis\vendor\codeigniter4\framework\system\CodeIgniter.php(404): CodeIgniter\CodeIgniter->runController(Object(App\Controllers\Product))
#6 C:\xampp\htdocs\Wilis\vendor\codeigniter4\framework\system\CodeIgniter.php(312): CodeIgniter\CodeIgniter->handleRequest(NULL, Object(Config\Cache), false)
#7 C:\xampp\htdocs\Wilis\public\index.php(45): CodeIgniter\CodeIgniter->run()
#8 C:\xampp\htdocs\Wilis\vendor\codeigniter4\framework\system\Commands\Server\rewrite.php(34): require_once('C:\\xampp\\htdocs...')
#9 {main}
CRITICAL - 2021-07-01 22:52:14 --> Undefined variable: items
#0 C:\xampp\htdocs\Wilis\app\Views\product\detail.php(428): CodeIgniter\Debug\Exceptions->errorHandler(8, 'Undefined varia...', 'C:\\xampp\\htdocs...', 428, Array)
#1 C:\xampp\htdocs\Wilis\vendor\codeigniter4\framework\system\View\View.php(246): include('C:\\xampp\\htdocs...')
#2 C:\xampp\htdocs\Wilis\vendor\codeigniter4\framework\system\Common.php(1119): CodeIgniter\View\View->render('product/detail', Array, true)
#3 C:\xampp\htdocs\Wilis\app\Controllers\Product.php(42): view('product/detail', Array)
#4 C:\xampp\htdocs\Wilis\vendor\codeigniter4\framework\system\CodeIgniter.php(918): App\Controllers\Product->detail('penggaris')
#5 C:\xampp\htdocs\Wilis\vendor\codeigniter4\framework\system\CodeIgniter.php(404): CodeIgniter\CodeIgniter->runController(Object(App\Controllers\Product))
#6 C:\xampp\htdocs\Wilis\vendor\codeigniter4\framework\system\CodeIgniter.php(312): CodeIgniter\CodeIgniter->handleRequest(NULL, Object(Config\Cache), false)
#7 C:\xampp\htdocs\Wilis\public\index.php(45): CodeIgniter\CodeIgniter->run()
#8 C:\xampp\htdocs\Wilis\vendor\codeigniter4\framework\system\Commands\Server\rewrite.php(34): require_once('C:\\xampp\\htdocs...')
#9 {main}
CRITICAL - 2021-07-01 22:52:14 --> Undefined variable: items
#0 C:\xampp\htdocs\Wilis\app\Views\product\detail.php(428): CodeIgniter\Debug\Exceptions->errorHandler(8, 'Undefined varia...', 'C:\\xampp\\htdocs...', 428, Array)
#1 C:\xampp\htdocs\Wilis\vendor\codeigniter4\framework\system\View\View.php(246): include('C:\\xampp\\htdocs...')
#2 C:\xampp\htdocs\Wilis\vendor\codeigniter4\framework\system\Common.php(1119): CodeIgniter\View\View->render('product/detail', Array, true)
#3 C:\xampp\htdocs\Wilis\app\Controllers\Product.php(42): view('product/detail', Array)
#4 C:\xampp\htdocs\Wilis\vendor\codeigniter4\framework\system\CodeIgniter.php(918): App\Controllers\Product->detail('penggaris')
#5 C:\xampp\htdocs\Wilis\vendor\codeigniter4\framework\system\CodeIgniter.php(404): CodeIgniter\CodeIgniter->runController(Object(App\Controllers\Product))
#6 C:\xampp\htdocs\Wilis\vendor\codeigniter4\framework\system\CodeIgniter.php(312): CodeIgniter\CodeIgniter->handleRequest(NULL, Object(Config\Cache), false)
#7 C:\xampp\htdocs\Wilis\public\index.php(45): CodeIgniter\CodeIgniter->run()
#8 C:\xampp\htdocs\Wilis\vendor\codeigniter4\framework\system\Commands\Server\rewrite.php(34): require_once('C:\\xampp\\htdocs...')
#9 {main}
